Unable to capture context for thread 19612 in process 19360, can not generate back trace
Unable to capture context for thread 21588 in process 19360, can not generate back trace
Unable to capture context for thread 9956 in process 19360, can not generate back trace
Exception at PC 0x00007FF80CE5441C
Unable to capture context for thread 9956 in process 19360, can not generate back trace
Exception at PC 0x00007FFF6A5CBB93
Printing stacktrace...

Exception at PC 0x00007FF80CE5441C
Exception at PC 0x00007FF80CE5441C
Exception at PC 0x00007FF80CE5441C
Exception at PC 0x00007FF80CE5441C
Exception at PC 0x00007FF80CE5441C
Exception at PC 0x00007FF80CE5441C
[0]  [0x00007FFF6A5CBB93]
[1]  [0x00007FFF6A5CBB93]
[2]  [0x00007FFF6A5CB4A1]
Exception at PC 0x00007FF80CE5441C
[3]  [0x00007FFF6A5CB3EF]
[4]  [0x00007FFF6A5B19FE]
[5]  [0x00007FFF6A5B0ED1]
[6]  [0x00007FFF6A5B0D76]
[7]  [0x00007FFF6A5579F6]
[8]  [0x00007FFF6A547AFB]
[9]  [0x00007FFF6A66E90A]
[10]  [0x00007FFF6A689F87]
[11]  [0x00007FFF6A68A05F]
[12] (BaseThreadInitThunk+0x10) [0x00007FF80DEF55A0]
[13] (RtlUserThreadStart+0x2b) [0x00007FF80F5C485B]
Done
Exception at PC 0x00007FF80CE5441C
Exception at PC 0x00007FF80CE5441C
Exception at PC 0x00007FF80CE5441C
Exception at PC 0x00007FF80CE5441C
Exception at PC 0x00007FF80CE5441C
Exception at PC 0x00007FF80CE5441C
Exception at PC 0x00007FF80CE5441C
Exception at PC 0x00007FF80CE5441C
Exception at PC 0x00007FF80CE5441C
Exception at PC 0x00007FF80CE5441C
