INFO: [VRFC 10-2263] Analyzing SystemVerilog file "D:/Xilinx/Vivado/2016.2/data/ip/xpm/xpm_cdc/hdl/xpm_cdc.sv" into library xil_defaultlib
INFO: [VRFC 10-311] analyzing module xpm_cdc_single
INFO: [VRFC 10-311] analyzing module xpm_cdc_gray
INFO: [VRFC 10-311] analyzing module xpm_cdc_handshake
INFO: [VRFC 10-311] analyzing module xpm_cdc_pulse
INFO: [VRFC 10-311] analyzing module xpm_cdc_array_single
INFO: [VRFC 10-311] analyzing module xpm_cdc_sync_rst
INFO: [VRFC 10-311] analyzing module xpm_cdc_async_rst
INFO: [VRFC 10-2263] Analyzing SystemVerilog file "D:/Xilinx/Vivado/2016.2/data/ip/xpm/xpm_memory/hdl/xpm_memory_base.sv" into library xil_defaultlib
INFO: [VRFC 10-311] analyzing module xpm_memory_base
INFO: [VRFC 10-2263] Analyzing SystemVerilog file "D:/Xilinx/Vivado/2016.2/data/ip/xpm/xpm_memory/hdl/xpm_memory_dpdistram.sv" into library xil_defaultlib
INFO: [VRFC 10-311] analyzing module xpm_memory_dpdistram
INFO: [VRFC 10-2263] Analyzing SystemVerilog file "D:/Xilinx/Vivado/2016.2/data/ip/xpm/xpm_memory/hdl/xpm_memory_dprom.sv" into library xil_defaultlib
INFO: [VRFC 10-311] analyzing module xpm_memory_dprom
INFO: [VRFC 10-2263] Analyzing SystemVerilog file "D:/Xilinx/Vivado/2016.2/data/ip/xpm/xpm_memory/hdl/xpm_memory_sdpram.sv" into library xil_defaultlib
INFO: [VRFC 10-311] analyzing module xpm_memory_sdpram
INFO: [VRFC 10-2263] Analyzing SystemVerilog file "D:/Xilinx/Vivado/2016.2/data/ip/xpm/xpm_memory/hdl/xpm_memory_spram.sv" into library xil_defaultlib
INFO: [VRFC 10-311] analyzing module xpm_memory_spram
INFO: [VRFC 10-2263] Analyzing SystemVerilog file "D:/Xilinx/Vivado/2016.2/data/ip/xpm/xpm_memory/hdl/xpm_memory_sprom.sv" into library xil_defaultlib
INFO: [VRFC 10-311] analyzing module xpm_memory_sprom
INFO: [VRFC 10-2263] Analyzing SystemVerilog file "D:/Xilinx/Vivado/2016.2/data/ip/xpm/xpm_memory/hdl/xpm_memory_tdpram.sv" into library xil_defaultlib
INFO: [VRFC 10-311] analyzing module xpm_memory_tdpram
INFO: [VRFC 10-2263] Analyzing Verilog file "C:/Users/thb20/Desktop/Big_homework/touch_board/touch_board.srcs/sources_1/new/vga_control.v" into library xil_defaultlib
INFO: [VRFC 10-311] analyzing module vga_control
INFO: [VRFC 10-2263] Analyzing Verilog file "C:/Users/thb20/Desktop/Big_homework/touch_board/touch_board.srcs/sources_1/new/reg_init.v" into library xil_defaultlib
INFO: [VRFC 10-311] analyzing module reg_init
INFO: [VRFC 10-2263] Analyzing Verilog file "C:/Users/thb20/Desktop/Big_homework/touch_board/touch_board.srcs/sources_1/new/sccb_sender.v" into library xil_defaultlib
INFO: [VRFC 10-311] analyzing module sccb_sender
INFO: [VRFC 10-2263] Analyzing Verilog file "C:/Users/thb20/Desktop/Big_homework/touch_board/touch_board.srcs/sources_1/ip/clk_wiz_0/clk_wiz_0_clk_wiz.v" into library xil_defaultlib
INFO: [VRFC 10-311] analyzing module clk_wiz_0_clk_wiz
INFO: [VRFC 10-2263] Analyzing Verilog file "C:/Users/thb20/Desktop/Big_homework/touch_board/touch_board.srcs/sources_1/ip/clk_wiz_0/clk_wiz_0.v" into library xil_defaultlib
INFO: [VRFC 10-311] analyzing module clk_wiz_0
INFO: [VRFC 10-2263] Analyzing Verilog file "C:/Users/thb20/Desktop/Big_homework/touch_board/touch_board.ip_user_files/ipstatic/blk_mem_gen_v8_3_3/simulation/blk_mem_gen_v8_3.v" into library blk_mem_gen_v8_3_3
INFO: [VRFC 10-311] analyzing module STATE_LOGIC_v8_3
INFO: [VRFC 10-311] analyzing module beh_vlog_muxf7_v8_3
INFO: [VRFC 10-311] analyzing module beh_vlog_ff_clr_v8_3
INFO: [VRFC 10-311] analyzing module beh_vlog_ff_pre_v8_3
INFO: [VRFC 10-311] analyzing module beh_vlog_ff_ce_clr_v8_3
INFO: [VRFC 10-311] analyzing module write_netlist_v8_3
INFO: [VRFC 10-311] analyzing module read_netlist_v8_3
INFO: [VRFC 10-311] analyzing module blk_mem_axi_write_wrapper_beh_v8_3
INFO: [VRFC 10-311] analyzing module blk_mem_axi_read_wrapper_beh_v8_3
INFO: [VRFC 10-311] analyzing module blk_mem_axi_regs_fwd_v8_3
INFO: [VRFC 10-311] analyzing module blk_mem_gen_v8_3_3_output_stage
INFO: [VRFC 10-311] analyzing module blk_mem_gen_v8_3_3_softecc_output_reg_stage
INFO: [VRFC 10-311] analyzing module blk_mem_gen_v8_3_3_mem_module
INFO: [VRFC 10-311] analyzing module blk_mem_gen_v8_3_3
INFO: [VRFC 10-2263] Analyzing Verilog file "C:/Users/thb20/Desktop/Big_homework/touch_board/touch_board.srcs/sources_1/ip/blk_mem_gen_0/sim/blk_mem_gen_0.v" into library xil_defaultlib
INFO: [VRFC 10-311] analyzing module blk_mem_gen_0
INFO: [VRFC 10-2263] Analyzing Verilog file "C:/Users/thb20/Desktop/Big_homework/touch_board/touch_board.srcs/sources_1/new/vga_display.v" into library xil_defaultlib
INFO: [VRFC 10-311] analyzing module vga_display
INFO: [VRFC 10-2263] Analyzing Verilog file "C:/Users/thb20/Desktop/Big_homework/touch_board/touch_board.srcs/sources_1/new/camera_get_pic.v" into library xil_defaultlib
INFO: [VRFC 10-311] analyzing module camera_get_pic
INFO: [VRFC 10-2263] Analyzing Verilog file "C:/Users/thb20/Desktop/Big_homework/touch_board/touch_board.srcs/sources_1/new/binarization.v" into library xil_defaultlib
INFO: [VRFC 10-311] analyzing module binarization
INFO: [VRFC 10-2263] Analyzing Verilog file "C:/Users/thb20/Desktop/Big_homework/touch_board/touch_board.srcs/sources_1/new/camera_init.v" into library xil_defaultlib
INFO: [VRFC 10-311] analyzing module camera_init
INFO: [VRFC 10-2263] Analyzing Verilog file "C:/Users/thb20/Desktop/Big_homework/touch_board/touch_board.srcs/sources_1/new/touch_board.v" into library xil_defaultlib
INFO: [VRFC 10-311] analyzing module touch_board
INFO: [VRFC 10-2263] Analyzing Verilog file "C:/Users/thb20/Desktop/Big_homework/touch_board/touch_board.sim/sim_1/behav/glbl.v" into library xil_defaultlib
INFO: [VRFC 10-311] analyzing module glbl
INFO: [VRFC 10-163] Analyzing VHDL file "D:/Xilinx/Vivado/2016.2/data/ip/xpm/xpm_VCOMP.vhd" into library xpm
