#
# A fatal error has been detected by the Java Runtime Environment:
#
#  EXCEPTION_ACCESS_VIOLATION (0xc0000005) at pc=0x000000000a904c44, pid=43676, tid=28148
#
# JRE version: Java(TM) SE Runtime Environment (8.0_66-b18) (build 1.8.0_66-b18)
# Java VM: Java HotSpot(TM) 64-Bit Server VM (25.66-b18 mixed mode windows-amd64 compressed oops)
# Problematic frame:
# C  [SHSMP64.dll+0x4c44]
#
# Failed to write core dump. Minidumps are not enabled by default on client versions of Windows
#
# If you would like to submit a bug report, please visit:
#   http://bugreport.java.com/bugreport/crash.jsp
# The crash happened outside the Java Virtual Machine in native code.
# See problematic frame for where to report the bug.
#

---------------  T H R E A D  ---------------

Current thread (0x00000188fa2b4800):  JavaThread "Swing-Shell" daemon [_thread_in_native, id=28148, stack(0x0000005afc800000,0x0000005afcd00000)]

siginfo: ExceptionCode=0xc0000005, reading address 0x00000188f8360038

Registers:
RAX=0x00000188f8360000, RBX=0x00007ffb76702150, RCX=0x00000188f8361f30, RDX=0x00000188d9325b40
RSP=0x0000005afccfde20, RBP=0x0000005afccfe2c0, RSI=0x0000000000000000, RDI=0x00000188f8361f30
R8 =0x0000005afccfdeb8, R9 =0x0000000000000000, R10=0xce709ee7125b9070, R11=0x0000000000000246
R12=0x0000005afccfebb0, R13=0x0000000000000002, R14=0x0000005afccfe1f0, R15=0x0000000000000002
RIP=0x000000000a904c44, EFLAGS=0x0000000000010206

Top of Stack: (sp=0x0000005afccfde20)
0x0000005afccfde20:   0000000000000000 0000000000000000
0x0000005afccfde30:   0000000000000000 0000000000000000
0x0000005afccfde40:   00000000ffffffff 000000000188f836
0x0000005afccfde50:   000000000a934680 0000000000000000
0x0000005afccfde60:   0000000000000000 000000000a9178e1
0x0000005afccfde70:   00000188f8361f30 0000000000000000
0x0000005afccfde80:   000008232b11a5c6 0000000000000000
0x0000005afccfde90:   0000005afccfe1f0 0000000000000001
0x0000005afccfdea0:   0000005afccfe1f0 000000000a917bb3
0x0000005afccfdeb0:   00000188f8361f30 0000005afccfe2c0
0x0000005afccfdec0:   0000000000000000 00000188f8361f30
0x0000005afccfded0:   0000000000000000 00007ffb7670e5fc
0x0000005afccfdee0:   00000188f8361f30 000067e57ecf66c0
0x0000005afccfdef0:   0000000000000088 0000005afccfe038
0x0000005afccfdf00:   0000000000000001 00007ffb78cccaaa
0x0000005afccfdf10:   00000188f8361f30 00007ffb74d32d38 

Instructions: (pc=0x000000000a904c44)
0x000000000a904c24:   c4 30 5f c3 cc cc cc cc cc cc cc cc 48 89 4c 24
0x000000000a904c34:   08 48 83 ec 48 48 8b 44 24 50 48 25 00 00 ff ff
0x000000000a904c44:   0f b7 40 38 25 f8 ff 00 00 3d d0 ca 00 00 74 16
0x000000000a904c54:   ba 0e 00 00 00 48 8b 4c 24 50 e8 5d 64 00 00 33 


Register to memory mapping:

RAX=0x00000188f8360000 is an unknown value
RBX=0x00007ffb76702150 is an unknown value
RCX=0x00000188f8361f30 is an unknown value
RDX=0x00000188d9325b40 is an unknown value
RSP=0x0000005afccfde20 is pointing into the stack for thread: 0x00000188fa2b4800
RBP=0x0000005afccfe2c0 is pointing into the stack for thread: 0x00000188fa2b4800
RSI=0x0000000000000000 is an unknown value
RDI=0x00000188f8361f30 is an unknown value
R8 =0x0000005afccfdeb8 is pointing into the stack for thread: 0x00000188fa2b4800
R9 =0x0000000000000000 is an unknown value
R10=0xce709ee7125b9070 is an unknown value
R11=0x0000000000000246 is an unknown value
R12=0x0000005afccfebb0 is pointing into the stack for thread: 0x00000188fa2b4800
R13=0x0000000000000002 is an unknown value
R14=0x0000005afccfe1f0 is pointing into the stack for thread: 0x00000188fa2b4800
R15=0x0000000000000002 is an unknown value


Stack: [0x0000005afc800000,0x0000005afcd00000],  sp=0x0000005afccfde20,  free space=5111k
Native frames: (J=compiled Java code, j=interpreted, Vv=VM code, C=native code)
C  [SHSMP64.dll+0x4c44]
C  [SHSMP64.dll+0x178e1]
C  [SHSMP64.dll+0x17bb3]
C  [ucrtbase.dll+0x1e5fc]
C  [shcore.dll+0xcaaa]
C  [shcore.dll+0x2d612]
C  [windows.storage.dll+0xbee1c]
C  [windows.storage.dll+0x84754]
C  [windows.storage.dll+0x19ca12]
C  [windows.storage.dll+0xb0857]
C  [windows.storage.dll+0x121fbf]
C  [windows.storage.dll+0x121604]
C  [windows.storage.dll+0x1abe0d]
C  [windows.storage.dll+0x121be1]
C  [windows.storage.dll+0x28c245]
C  [windows.storage.dll+0x121889]
C  [windows.storage.dll+0x123afa]
C  0x000000006594aa53
C  0x00000188dedb6f1b

Java frames: (J=compiled Java code, j=interpreted, Vv=VM code)
j  sun.awt.shell.Win32ShellFolder2.getIconIndex(JJ)I+0
j  sun.awt.shell.Win32ShellFolder2.access$1900(JJ)I+2
j  sun.awt.shell.Win32ShellFolder2$15.call()Ljava/awt/Image;+52
j  sun.awt.shell.Win32ShellFolder2$15.call()Ljava/lang/Object;+1
j  java.util.concurrent.FutureTask.run()V+42
j  java.util.concurrent.ThreadPoolExecutor.runWorker(Ljava/util/concurrent/ThreadPoolExecutor$Worker;)V+95
j  java.util.concurrent.ThreadPoolExecutor$Worker.run()V+5
j  sun.awt.shell.Win32ShellFolderManager2$ComInvoker$3.run()V+7
j  java.lang.Thread.run()V+11
v  ~StubRoutines::call_stub

---------------  P R O C E S S  ---------------

Java Threads: ( => current thread )
=>0x00000188fa2b4800 JavaThread "Swing-Shell" daemon [_thread_in_native, id=28148, stack(0x0000005afc800000,0x0000005afcd00000)]
  0x00000188fc11b800 JavaThread "HFileChooser Load File & Folder Choosers Thread" [_thread_blocked, id=24840, stack(0x0000005afc300000,0x0000005afc800000)]
  0x00000188fbe81800 JavaThread "Monitor File Timestamp" [_thread_blocked, id=17924, stack(0x0000005afbe00000,0x0000005afc300000)]
  0x00000188fa09f800 JavaThread "Image Fetcher 0" daemon [_thread_blocked, id=36080, stack(0x0000005afaa00000,0x0000005afaf00000)]
  0x00000188debfe800 JavaThread "AWT-EventQueue-1" [_thread_in_vm, id=31568, stack(0x0000005afb900000,0x0000005afbe00000)]
  0x00000188debff000 JavaThread "Process Messages" [_thread_blocked, id=38560, stack(0x0000005afb400000,0x0000005afb900000)]
  0x00000188dde52800 JavaThread "Thread-3" [_thread_blocked, id=3876, stack(0x0000005af4800000,0x0000005af5c00000)]
  0x00000188f8d64000 JavaThread "AWT-EventQueue-0" [_thread_blocked, id=33540, stack(0x0000005afaf00000,0x0000005afb400000)]
  0x00000188f6af1000 JavaThread "AWT-Windows" daemon [_thread_in_native, id=20648, stack(0x0000005afa500000,0x0000005afaa00000)]
  0x00000188f6af1800 JavaThread "AWT-Shutdown" [_thread_blocked, id=13764, stack(0x0000005afa000000,0x0000005afa500000)]
  0x00000188f6af7800 JavaThread "Java2D Disposer" daemon [_thread_blocked, id=17296, stack(0x0000005af9b00000,0x0000005afa000000)]
  0x00000188f6d97800 JavaThread "TimerQueue" daemon [_thread_blocked, id=6720, stack(0x0000005af9600000,0x0000005af9b00000)]
  0x00000188f66e7800 JavaThread "Service Thread" daemon [_thread_blocked, id=29936, stack(0x0000005af9000000,0x0000005af9500000)]
  0x00000188f62e9000 JavaThread "C1 CompilerThread11" daemon [_thread_blocked, id=43168, stack(0x0000005af8f00000,0x0000005af9000000)]
  0x00000188f62ea800 JavaThread "C1 CompilerThread10" daemon [_thread_blocked, id=21468, stack(0x0000005af8e00000,0x0000005af8f00000)]
  0x00000188f62ec000 JavaThread "C1 CompilerThread9" daemon [_thread_blocked, id=32188, stack(0x0000005af8d00000,0x0000005af8e00000)]
  0x00000188f62ee000 JavaThread "C1 CompilerThread8" daemon [_thread_blocked, id=7180, stack(0x0000005af8c00000,0x0000005af8d00000)]
  0x00000188f62ef800 JavaThread "C2 CompilerThread7" daemon [_thread_blocked, id=44372, stack(0x0000005af8b00000,0x0000005af8c00000)]
  0x00000188f61e7800 JavaThread "C2 CompilerThread6" daemon [_thread_blocked, id=15052, stack(0x0000005af8a00000,0x0000005af8b00000)]
  0x00000188f61d1800 JavaThread "C2 CompilerThread5" daemon [_thread_blocked, id=13188, stack(0x0000005af8900000,0x0000005af8a00000)]
  0x00000188f5d91000 JavaThread "C2 CompilerThread4" daemon [_thread_blocked, id=2348, stack(0x0000005af8800000,0x0000005af8900000)]
  0x00000188f61f1000 JavaThread "C2 CompilerThread3" daemon [_thread_blocked, id=43552, stack(0x0000005af8700000,0x0000005af8800000)]
  0x00000188f6210800 JavaThread "C2 CompilerThread2" daemon [_thread_blocked, id=4388, stack(0x0000005af8600000,0x0000005af8700000)]
  0x00000188f6212000 JavaThread "C2 CompilerThread1" daemon [_thread_blocked, id=37596, stack(0x0000005af8500000,0x0000005af8600000)]
  0x00000188f6214000 JavaThread "C2 CompilerThread0" daemon [_thread_in_native, id=33020, stack(0x0000005af8400000,0x0000005af8500000)]
  0x00000188f6215800 JavaThread "Attach Listener" daemon [_thread_blocked, id=31968, stack(0x0000005af7f00000,0x0000005af8400000)]
  0x00000188f6203800 JavaThread "Signal Dispatcher" daemon [_thread_blocked, id=18368, stack(0x0000005af7a00000,0x0000005af7f00000)]
  0x00000188f6128800 JavaThread "Finalizer" daemon [_thread_blocked, id=44952, stack(0x0000005af7500000,0x0000005af7a00000)]
  0x00000188f612a800 JavaThread "Reference Handler" daemon [_thread_blocked, id=12340, stack(0x0000005af7000000,0x0000005af7500000)]
  0x00000188dec15800 JavaThread "main" [_thread_blocked, id=34536, stack(0x0000005af5f00000,0x0000005af6000000)]

Other Threads:
  0x00000188f612e000 VMThread [stack: 0x0000005af6f00000,0x0000005af7000000] [id=37528]
  0x00000188f66e4800 WatcherThread [stack: 0x0000005af9500000,0x0000005af9600000] [id=13268]

VM state:not at safepoint (normal execution)

VM Mutex/Monitor currently owned by a thread: None

Heap:
 PSYoungGen      total 53760K, used 17760K [0x00000007bc400000, 0x00000007c0000000, 0x00000007c0000000)
  eden space 46080K, 21% used [0x00000007bc400000,0x00000007bcddf2e0,0x00000007bf100000)
  from space 7680K, 99% used [0x00000007bf880000,0x00000007bfff9048,0x00000007c0000000)
  to   space 7680K, 0% used [0x00000007bf100000,0x00000007bf100000,0x00000007bf880000)
 ParOldGen       total 103424K, used 18036K [0x0000000700000000, 0x0000000706500000, 0x00000007bc400000)
  object space 103424K, 17% used [0x0000000700000000,0x000000070119d320,0x0000000706500000)
 Metaspace       used 32263K, capacity 32622K, committed 33024K, reserved 1077248K
  class space    used 4419K, capacity 4519K, committed 4608K, reserved 1048576K

Card table byte_map: [0x00000188ee160000,0x00000188ee770000] byte_map_base: 0x00000188ea960000

Marking Bits: (ParMarkBitMap*) 0x000000006628a5b0
 Begin Bits: [0x00000188eed60000, 0x00000188f1d60000)
 End Bits:   [0x00000188f1d60000, 0x00000188f4d60000)

Polling page: 0x00000188dad20000

CodeCache: size=245760Kb used=12892Kb max_used=12903Kb free=232867Kb
 bounds [0x00000188deda0000, 0x00000188dfa50000, 0x00000188edda0000]
 total_blobs=3871 nmethods=3212 adapters=567
 compilation: enabled

Compilation events (10 events):
Event: 1.734 Thread 0x00000188f62ec000 nmethod 3179 0x00000188df9fbad0 code [0x00000188df9fbc20, 0x00000188df9fbe58]
Event: 1.735 Thread 0x00000188f62ea800 3180       3       java.io.RandomAccessFile::<init> (258 bytes)
Event: 1.736 Thread 0x00000188f62ea800 nmethod 3180 0x00000188dfa04850 code [0x00000188dfa04ba0, 0x00000188dfa06820]
Event: 1.736 Thread 0x00000188f6212000 nmethod 3175 0x00000188dfa00fd0 code [0x00000188dfa01180, 0x00000188dfa01f10]
Event: 1.737 Thread 0x00000188f62ec000 3181       3       javax.swing.plaf.basic.LazyActionMap::installLazyActionMap (36 bytes)
Event: 1.738 Thread 0x00000188f62ec000 nmethod 3181 0x00000188df9fd690 code [0x00000188df9fd8a0, 0x00000188df9fe0b0]
Event: 1.738 Thread 0x00000188f62e9000 3182       3       java.awt.Container::add (8 bytes)
Event: 1.738 Thread 0x00000188f62e9000 nmethod 3182 0x00000188df9fb6d0 code [0x00000188df9fb840, 0x00000188df9fba50]
Event: 1.738 Thread 0x00000188f62e9000 3183       1       javax.swing.JScrollPane::getViewport (5 bytes)
Event: 1.738 Thread 0x00000188f62e9000 nmethod 3183 0x00000188df9fb350 code [0x00000188df9fb4a0, 0x00000188df9fb5b8]

GC Heap History (10 events):
Event: 0.640 GC heap before
{Heap before GC invocations=1 (full 0):
 PSYoungGen      total 53760K, used 46080K [0x00000007bc400000, 0x00000007c0000000, 0x00000007c0000000)
  eden space 46080K, 100% used [0x00000007bc400000,0x00000007bf100000,0x00000007bf100000)
  from space 7680K, 0% used [0x00000007bf880000,0x00000007bf880000,0x00000007c0000000)
  to   space 7680K, 0% used [0x00000007bf100000,0x00000007bf100000,0x00000007bf880000)
 ParOldGen       total 69632K, used 0K [0x0000000700000000, 0x0000000704400000, 0x00000007bc400000)
  object space 69632K, 0% used [0x0000000700000000,0x0000000700000000,0x0000000704400000)
 Metaspace       used 11954K, capacity 12158K, committed 12288K, reserved 1060864K
  class space    used 1160K, capacity 1227K, committed 1280K, reserved 1048576K
Event: 0.645 GC heap after
Heap after GC invocations=1 (full 0):
 PSYoungGen      total 53760K, used 7679K [0x00000007bc400000, 0x00000007c0000000, 0x00000007c0000000)
  eden space 46080K, 0% used [0x00000007bc400000,0x00000007bc400000,0x00000007bf100000)
  from space 7680K, 99% used [0x00000007bf100000,0x00000007bf87fdb0,0x00000007bf880000)
  to   space 7680K, 0% used [0x00000007bf880000,0x00000007bf880000,0x00000007c0000000)
 ParOldGen       total 69632K, used 1016K [0x0000000700000000, 0x0000000704400000, 0x00000007bc400000)
  object space 69632K, 1% used [0x0000000700000000,0x00000007000fe0d0,0x0000000704400000)
 Metaspace       used 11954K, capacity 12158K, committed 12288K, reserved 1060864K
  class space    used 1160K, capacity 1227K, committed 1280K, reserved 1048576K
}
Event: 1.017 GC heap before
{Heap before GC invocations=2 (full 0):
 PSYoungGen      total 53760K, used 49204K [0x00000007bc400000, 0x00000007c0000000, 0x00000007c0000000)
  eden space 46080K, 90% used [0x00000007bc400000,0x00000007bec8d318,0x00000007bf100000)
  from space 7680K, 99% used [0x00000007bf100000,0x00000007bf87fdb0,0x00000007bf880000)
  to   space 7680K, 0% used [0x00000007bf880000,0x00000007bf880000,0x00000007c0000000)
 ParOldGen       total 69632K, used 1016K [0x0000000700000000, 0x0000000704400000, 0x00000007bc400000)
  object space 69632K, 1% used [0x0000000700000000,0x00000007000fe0d0,0x0000000704400000)
 Metaspace       used 20910K, capacity 21084K, committed 21296K, reserved 1069056K
  class space    used 2582K, capacity 2643K, committed 2688K, reserved 1048576K
Event: 1.023 GC heap after
Heap after GC invocations=2 (full 0):
 PSYoungGen      total 53760K, used 7659K [0x00000007bc400000, 0x00000007c0000000, 0x00000007c0000000)
  eden space 46080K, 0% used [0x00000007bc400000,0x00000007bc400000,0x00000007bf100000)
  from space 7680K, 99% used [0x00000007bf880000,0x00000007bfffac20,0x00000007c0000000)
  to   space 7680K, 0% used [0x00000007bf100000,0x00000007bf100000,0x00000007bf880000)
 ParOldGen       total 69632K, used 7595K [0x0000000700000000, 0x0000000704400000, 0x00000007bc400000)
  object space 69632K, 10% used [0x0000000700000000,0x000000070076ace8,0x0000000704400000)
 Metaspace       used 20910K, capacity 21084K, committed 21296K, reserved 1069056K
  class space    used 2582K, capacity 2643K, committed 2688K, reserved 1048576K
}
Event: 1.023 GC heap before
{Heap before GC invocations=3 (full 1):
 PSYoungGen      total 53760K, used 7659K [0x00000007bc400000, 0x00000007c0000000, 0x00000007c0000000)
  eden space 46080K, 0% used [0x00000007bc400000,0x00000007bc400000,0x00000007bf100000)
  from space 7680K, 99% used [0x00000007bf880000,0x00000007bfffac20,0x00000007c0000000)
  to   space 7680K, 0% used [0x00000007bf100000,0x00000007bf100000,0x00000007bf880000)
 ParOldGen       total 69632K, used 7595K [0x0000000700000000, 0x0000000704400000, 0x00000007bc400000)
  object space 69632K, 10% used [0x0000000700000000,0x000000070076ace8,0x0000000704400000)
 Metaspace       used 20910K, capacity 21084K, committed 21296K, reserved 1069056K
  class space    used 2582K, capacity 2643K, committed 2688K, reserved 1048576K
Event: 1.064 GC heap after
Heap after GC invocations=3 (full 1):
 PSYoungGen      total 53760K, used 0K [0x00000007bc400000, 0x00000007c0000000, 0x00000007c0000000)
  eden space 46080K, 0% used [0x00000007bc400000,0x00000007bc400000,0x00000007bf100000)
  from space 7680K, 0% used [0x00000007bf880000,0x00000007bf880000,0x00000007c0000000)
  to   space 7680K, 0% used [0x00000007bf100000,0x00000007bf100000,0x00000007bf880000)
 ParOldGen       total 103424K, used 12547K [0x0000000700000000, 0x0000000706500000, 0x00000007bc400000)
  object space 103424K, 12% used [0x0000000700000000,0x0000000700c40ea8,0x0000000706500000)
 Metaspace       used 20910K, capacity 21084K, committed 21296K, reserved 1069056K
  class space    used 2582K, capacity 2643K, committed 2688K, reserved 1048576K
}
Event: 1.366 GC heap before
{Heap before GC invocations=4 (full 1):
 PSYoungGen      total 53760K, used 46080K [0x00000007bc400000, 0x00000007c0000000, 0x00000007c0000000)
  eden space 46080K, 100% used [0x00000007bc400000,0x00000007bf100000,0x00000007bf100000)
  from space 7680K, 0% used [0x00000007bf880000,0x00000007bf880000,0x00000007c0000000)
  to   space 7680K, 0% used [0x00000007bf100000,0x00000007bf100000,0x00000007bf880000)
 ParOldGen       total 103424K, used 12547K [0x0000000700000000, 0x0000000706500000, 0x00000007bc400000)
  object space 103424K, 12% used [0x0000000700000000,0x0000000700c40ea8,0x0000000706500000)
 Metaspace       used 26519K, capacity 26825K, committed 27008K, reserved 1073152K
  class space    used 3364K, capacity 3454K, committed 3456K, reserved 1048576K
Event: 1.369 GC heap after
Heap after GC invocations=4 (full 1):
 PSYoungGen      total 53760K, used 7656K [0x00000007bc400000, 0x00000007c0000000, 0x00000007c0000000)
  eden space 46080K, 0% used [0x00000007bc400000,0x00000007bc400000,0x00000007bf100000)
  from space 7680K, 99% used [0x00000007bf100000,0x00000007bf87a290,0x00000007bf880000)
  to   space 7680K, 0% used [0x00000007bf880000,0x00000007bf880000,0x00000007c0000000)
 ParOldGen       total 103424K, used 13624K [0x0000000700000000, 0x0000000706500000, 0x00000007bc400000)
  object space 103424K, 13% used [0x0000000700000000,0x0000000700d4e148,0x0000000706500000)
 Metaspace       used 26519K, capacity 26825K, committed 27008K, reserved 1073152K
  class space    used 3364K, capacity 3454K, committed 3456K, reserved 1048576K
}
Event: 1.685 GC heap before
{Heap before GC invocations=5 (full 1):
 PSYoungGen      total 53760K, used 53736K [0x00000007bc400000, 0x00000007c0000000, 0x00000007c0000000)
  eden space 46080K, 100% used [0x00000007bc400000,0x00000007bf100000,0x00000007bf100000)
  from space 7680K, 99% used [0x00000007bf100000,0x00000007bf87a290,0x00000007bf880000)
  to   space 7680K, 0% used [0x00000007bf880000,0x00000007bf880000,0x00000007c0000000)
 ParOldGen       total 103424K, used 13624K [0x0000000700000000, 0x0000000706500000, 0x00000007bc400000)
  object space 103424K, 13% used [0x0000000700000000,0x0000000700d4e148,0x0000000706500000)
 Metaspace       used 29947K, capacity 30197K, committed 30464K, reserved 1075200K
  class space    used 3998K, capacity 4068K, committed 4096K, reserved 1048576K
Event: 1.689 GC heap after
Heap after GC invocations=5 (full 1):
 PSYoungGen      total 53760K, used 7652K [0x00000007bc400000, 0x00000007c0000000, 0x00000007c0000000)
  eden space 46080K, 0% used [0x00000007bc400000,0x00000007bc400000,0x00000007bf100000)
  from space 7680K, 99% used [0x00000007bf880000,0x00000007bfff9048,0x00000007c0000000)
  to   space 7680K, 0% used [0x00000007bf100000,0x00000007bf100000,0x00000007bf880000)
 ParOldGen       total 103424K, used 18036K [0x0000000700000000, 0x0000000706500000, 0x00000007bc400000)
  object space 103424K, 17% used [0x0000000700000000,0x000000070119d320,0x0000000706500000)
 Metaspace       used 29947K, capacity 30197K, committed 30464K, reserved 1075200K
  class space    used 3998K, capacity 4068K, committed 4096K, reserved 1048576K
}

Deoptimization events (10 events):
Event: 1.614 Thread 0x00000188debfe800 Uncommon trap: reason=class_check action=maybe_recompile pc=0x00000188df942f78 method=java.awt.Component.show(Z)V @ 5
Event: 1.652 Thread 0x00000188debfe800 Uncommon trap: reason=unstable_if action=reinterpret pc=0x00000188df8b2634 method=javax.swing.plaf.basic.BasicButtonListener.propertyChange(Ljava/beans/PropertyChangeEvent;)V @ 8
Event: 1.655 Thread 0x00000188debfe800 Uncommon trap: reason=unstable_if action=reinterpret pc=0x00000188df96684c method=javax.swing.AbstractButton.fireStateChanged()V @ 29
Event: 1.670 Thread 0x00000188debfe800 Uncommon trap: reason=class_check action=maybe_recompile pc=0x00000188df942f78 method=java.awt.Component.show(Z)V @ 5
Event: 1.672 Thread 0x00000188debfe800 Uncommon trap: reason=unstable_if action=reinterpret pc=0x00000188df984abc method=javax.swing.InputMap.get(Ljavax/swing/KeyStroke;)Ljava/lang/Object; @ 43
Event: 1.680 Thread 0x00000188debfe800 Uncommon trap: reason=class_check action=maybe_recompile pc=0x00000188df4ee7d8 method=java.util.Hashtable.put(Ljava/lang/Object;Ljava/lang/Object;)Ljava/lang/Object; @ 60
Event: 1.710 Thread 0x00000188fc11b800 Uncommon trap: reason=unstable_if action=reinterpret pc=0x00000188df8b4eec method=javax.swing.UIDefaults$TextAndMnemonicHashMap.get(Ljava/lang/Object;)Ljava/lang/Object; @ 7
Event: 1.717 Thread 0x00000188fc11b800 Uncommon trap: reason=speculate_class_check action=maybe_recompile pc=0x00000188df9075b8 method=com.sun.java.swing.plaf.windows.DesktopProperty.createValue(Ljavax/swing/UIDefaults;)Ljava/lang/Object; @ 13
Event: 1.720 Thread 0x00000188fc11b800 Uncommon trap: reason=unstable_if action=reinterpret pc=0x00000188df80a794 method=javax.swing.JComponent.revalidate()V @ 12
Event: 1.724 Thread 0x00000188debfe800 Uncommon trap: reason=unstable_if action=reinterpret pc=0x00000188df93c6b8 method=javax.swing.event.EventListenerList.remove(Ljava/lang/Class;Ljava/util/EventListener;)V @ 62

Internal exceptions (10 events):
Event: 0.289 Thread 0x00000188dec15800 Exception <a 'java/io/FileNotFoundException'> (0x00000007bd24bff8) thrown at [C:\re\workspace\8-2-build-windows-amd64-cygwin\jdk8u66\5298\hotspot\src\share\vm\prims\jni.cpp, line 709]
Event: 0.516 Thread 0x00000188f8ce3000 Implicit null exception at 0x00000188df25166f to 0x00000188df251715
Event: 0.559 Thread 0x00000188debfe800 Implicit null exception at 0x00000188df2b6d54 to 0x00000188df2b6f3d
Event: 0.559 Thread 0x00000188debfe800 Implicit null exception at 0x00000188df2b40f5 to 0x00000188df2b4221
Event: 0.559 Thread 0x00000188debfe800 Implicit null exception at 0x00000188df2b4b84 to 0x00000188df2b4c79
Event: 0.723 Thread 0x00000188debfe800 Implicit null exception at 0x00000188df2a01cc to 0x00000188df2a0211
Event: 0.723 Thread 0x00000188debfe800 Implicit null exception at 0x00000188df2ee6fb to 0x00000188df2ef3c5
Event: 0.740 Thread 0x00000188debfe800 Exception <a 'java/io/FileNotFoundException'> (0x00000007bce0df38) thrown at [C:\re\workspace\8-2-build-windows-amd64-cygwin\jdk8u66\5298\hotspot\src\share\vm\prims\jni.cpp, line 709]
Event: 0.740 Thread 0x00000188debfe800 Exception <a 'java/lang/NullPointerException'> (0x00000007bce0e428) thrown at [C:\re\workspace\8-2-build-windows-amd64-cygwin\jdk8u66\5298\hotspot\src\share\vm\interpreter\linkResolver.cpp, line 1178]
Event: 1.393 Thread 0x00000188fa09f800 Implicit null exception at 0x00000188df5f7b7e to 0x00000188df5f803d

Events (10 events):
Event: 1.739 loading class sun/awt/shell/Win32ShellFolder2$13
Event: 1.739 loading class sun/awt/shell/Win32ShellFolder2$13 done
Event: 1.739 loading class com/jidesoft/docking/g
Event: 1.739 loading class com/jidesoft/docking/g done
Event: 1.739 loading class com/jidesoft/docking/FloatingContainer
Event: 1.739 loading class com/jidesoft/docking/FloatingContainer done
Event: 1.739 loading class sun/awt/shell/Win32ShellFolder2$15
Event: 1.739 loading class sun/awt/shell/Win32ShellFolder2$15 done
Event: 1.739 loading class com/jidesoft/docking/b$0
Event: 1.739 loading class com/jidesoft/docking/b$0 done


Dynamic libraries:
0x00007ff7fe740000 - 0x00007ff7fe770000 	D:\Xilinx\Vivado\2016.2\bin\unwrapped\win64.o\vivado.exe
0x00007ffb79080000 - 0x00007ffb79289000 	C:\Windows\SYSTEM32\ntdll.dll
0x00007ffb776c0000 - 0x00007ffb7777e000 	C:\Windows\System32\KERNEL32.DLL
0x00007ffb76a50000 - 0x00007ffb76dcb000 	C:\Windows\System32\KERNELBASE.dll
0x00007ffb0eaa0000 - 0x00007ffb0f4e0000 	D:\Xilinx\Vivado\2016.2\lib\win64.o\librdi_common.dll
0x000000000a900000 - 0x000000000a98d000 	D:\Xilinx\Vivado\2016.2\lib\win64.o\SHSMP64.dll
0x00007ffb77780000 - 0x00007ffb7792d000 	C:\Windows\System32\USER32.dll
0x00007ffb76810000 - 0x00007ffb76836000 	C:\Windows\System32\win32u.dll
0x00007ffb78420000 - 0x00007ffb78428000 	C:\Windows\System32\PSAPI.DLL
0x00007ffb79010000 - 0x00007ffb79039000 	C:\Windows\System32\GDI32.dll
0x00007ffb5f2d0000 - 0x00007ffb5f2e3000 	D:\Xilinx\Vivado\2016.2\lib\win64.o\libboost_signals.dll
0x00007ffb77930000 - 0x00007ffb780e7000 	C:\Windows\System32\SHELL32.dll
0x00007ffb765d0000 - 0x00007ffb766e8000 	C:\Windows\System32\gdi32full.dll
0x00007ffb76840000 - 0x00007ffb768dd000 	C:\Windows\System32\msvcp_win.dll
0x00007ffb766f0000 - 0x00007ffb76801000 	C:\Windows\System32\ucrtbase.dll
0x00007ffb60d70000 - 0x00007ffb60d81000 	D:\Xilinx\Vivado\2016.2\lib\win64.o\librdi_commonmain.dll
0x00007ffaecfd0000 - 0x00007ffaed077000 	C:\Windows\SYSTEM32\MSVCP110.dll
0x00007ffb78370000 - 0x00007ffb7841e000 	C:\Windows\System32\ADVAPI32.dll
0x00007ffb77020000 - 0x00007ffb770c3000 	C:\Windows\System32\msvcrt.dll
0x00007ffb787a0000 - 0x00007ffb7883e000 	C:\Windows\System32\sechost.dll
0x00007ffaeef40000 - 0x00007ffaef014000 	C:\Windows\SYSTEM32\MSVCR110.dll
0x00007ffb78680000 - 0x00007ffb787a0000 	C:\Windows\System32\RPCRT4.dll
0x00007ffb127d0000 - 0x00007ffb129ef000 	D:\Xilinx\Vivado\2016.2\lib\win64.o\libXil_lmgr11.dll
0x00007ffb774c0000 - 0x00007ffb775ac000 	C:\Windows\System32\COMDLG32.dll
0x00007ffb770d0000 - 0x00007ffb77448000 	C:\Windows\System32\combase.dll
0x00007ffb78cc0000 - 0x00007ffb78daa000 	C:\Windows\System32\shcore.dll
0x00007ffb0b690000 - 0x00007ffb0b9fe000 	D:\Xilinx\Vivado\2016.2\lib\win64.o\libCOIN-all.dll
0x00007ffb775b0000 - 0x00007ffb7760d000 	C:\Windows\System32\SHLWAPI.dll
0x00007ffb6ca90000 - 0x00007ffb6caa0000 	D:\Xilinx\Vivado\2016.2\lib\win64.o\libboost_date_time.dll
0x00007ffb78eb0000 - 0x00007ffb78f86000 	C:\Windows\System32\OLEAUT32.dll
0x00007ffb784e0000 - 0x00007ffb7867a000 	C:\Windows\System32\ole32.dll
0x00007ffb5e3d0000 - 0x00007ffb5e3f4000 	D:\Xilinx\Vivado\2016.2\lib\win64.o\libboost_filesystem.dll
0x00007ffb76dd0000 - 0x00007ffb76e38000 	C:\Windows\System32\WINTRUST.dll
0x00007ffb768e0000 - 0x00007ffb76a42000 	C:\Windows\System32\CRYPT32.dll
0x00007ffb2db40000 - 0x00007ffb2dc46000 	D:\Xilinx\Vivado\2016.2\lib\win64.o\libboost_regex.dll
0x00007ffb5ed90000 - 0x00007ffb5edad000 	D:\Xilinx\Vivado\2016.2\lib\win64.o\libboost_thread.dll
0x00007ffb60d50000 - 0x00007ffb60d59000 	D:\Xilinx\Vivado\2016.2\lib\win64.o\libboost_system.dll
0x00007ffb4cb50000 - 0x00007ffb4cbc7000 	D:\Xilinx\Vivado\2016.2\lib\win64.o\libboost_program_options.dll
0x00007ffb61310000 - 0x00007ffb6131b000 	D:\Xilinx\Vivado\2016.2\lib\win64.o\libboost_xilinx.dll
0x00007ffaeead0000 - 0x00007ffaeef35e00 	D:\Xilinx\Vivado\2016.2\lib\win64.o\libisl_iostreams.dll
0x00007ffb19c20000 - 0x00007ffb19cba000 	D:\Xilinx\Vivado\2016.2\lib\win64.o\libhdxml.dll
0x00007ffb3d770000 - 0x00007ffb3d7f0000 	D:\Xilinx\Vivado\2016.2\lib\win64.o\libhdlpsolve.dll
0x0000000065a80000 - 0x0000000066309000 	D:\Xilinx\Vivado\2016.2\tps\win64\jre\bin\server\jvm.dll
0x00007ffb5bf00000 - 0x00007ffb5bf2a000 	D:\Xilinx\Vivado\2016.2\lib\win64.o\libisl_sysinfo.dll
0x00007ffb78e20000 - 0x00007ffb78e8f000 	C:\Windows\System32\WS2_32.dll
0x00007ffb5e550000 - 0x00007ffb5e565000 	D:\Xilinx\Vivado\2016.2\lib\win64.o\pthreadVC2.dll
0x00007ffb4fc30000 - 0x00007ffb4fc84000 	D:\Xilinx\Vivado\2016.2\lib\win64.o\librdi_commonxillic.dll
0x00007ffb5d6d0000 - 0x00007ffb5d6e8000 	D:\Xilinx\Vivado\2016.2\lib\win64.o\librdiconfig.dll
0x00007ffb19850000 - 0x00007ffb19980000 	D:\Xilinx\Vivado\2016.2\lib\win64.o\librdi_curl.dll
0x00007ffb5bce0000 - 0x00007ffb5bd03000 	D:\Xilinx\Vivado\2016.2\lib\win64.o\librdizlib.dll
0x00007ffb59e50000 - 0x00007ffb5a34b000 	C:\Windows\SYSTEM32\WININET.dll
0x00007ffb6e0a0000 - 0x00007ffb6e1b4000 	C:\Windows\SYSTEM32\WINHTTP.dll
0x0000000066310000 - 0x0000000066437000 	D:\Xilinx\Vivado\2016.2\lib\win64.o\tcl85t.dll
0x0000000012000000 - 0x0000000012263000 	D:\Xilinx\Vivado\2016.2\lib\win64.o\xerces-c_3_1.dll
0x00007ffb6ceb0000 - 0x00007ffb6d0a0000 	C:\Windows\SYSTEM32\urlmon.dll
0x00007ffb44890000 - 0x00007ffb44899000 	C:\Windows\SYSTEM32\WSOCK32.dll
0x00007ffb5bc10000 - 0x00007ffb5bc33000 	C:\Windows\SYSTEM32\VCOMP110.DLL
0x00007ffb59d50000 - 0x00007ffb59d69000 	C:\Windows\SYSTEM32\NETAPI32.dll
0x00007ffb6b180000 - 0x00007ffb6b18a000 	C:\Windows\SYSTEM32\VERSION.dll
0x00007ffb473b0000 - 0x00007ffb47462000 	C:\Windows\WinSxS\amd64_microsoft.windows.common-controls_6595b64144ccf1df_5.82.22000.1_none_271a8fad6a2d1b1e\COMCTL32.dll
0x00007ffb71dd0000 - 0x00007ffb71dd9000 	D:\Xilinx\Vivado\2016.2\lib\win64.o\librdi_commonversion.dll
0x00007ffb6c8c0000 - 0x00007ffb6c8f3000 	C:\Windows\SYSTEM32\WINMM.dll
0x00007ffb5c910000 - 0x00007ffb5c926000 	D:\Xilinx\Vivado\2016.2\lib\win64.o\libboost_iostreams.dll
0x0000000066440000 - 0x0000000066512000 	C:\Windows\SYSTEM32\MSVCR100.dll
0x00007ffb60a80000 - 0x00007ffb60a8b000 	D:\Xilinx\Vivado\2016.2\lib\win64.o\libboost_chrono.dll
0x00007ffb519d0000 - 0x00007ffb519f3000 	D:\Xilinx\Vivado\2016.2\lib\win64.o\libisl_iosutils.dll
0x00007ffb6cdb0000 - 0x00007ffb6cdd8000 	C:\Windows\SYSTEM32\srvcli.dll
0x00007ffb6caf0000 - 0x00007ffb6cda3000 	C:\Windows\SYSTEM32\iertutil.dll
0x00007ffb751e0000 - 0x00007ffb751ec000 	C:\Windows\SYSTEM32\netutils.dll
0x00007ffb78430000 - 0x00007ffb78462000 	C:\Windows\System32\IMM32.DLL
0x00007ffb75e00000 - 0x00007ffb75e12000 	C:\Windows\SYSTEM32\MSASN1.dll
0x00007ffaee380000 - 0x00007ffaee79e000 	D:\Xilinx\Vivado\2016.2\lib\win64.o\librdi_commontasks.dll
0x00007ffb74650000 - 0x00007ffb74eb5000 	C:\Windows\SYSTEM32\windows.storage.dll
0x00007ffb744e0000 - 0x00007ffb74646000 	C:\Windows\SYSTEM32\wintypes.dll
0x00007ffac6ac0000 - 0x00007ffac8716000 	D:\Xilinx\Vivado\2016.2\lib\win64.o\librdi_tcltasks.dll
0x00007ffb125b0000 - 0x00007ffb127c1000 	D:\Xilinx\Vivado\2016.2\lib\win64.o\librdi_chipscope.dll
0x00007ffb17e20000 - 0x00007ffb17f5f000 	D:\Xilinx\Vivado\2016.2\lib\win64.o\librdi_board.dll
0x00007ffb11830000 - 0x00007ffb11aa7000 	D:\Xilinx\Vivado\2016.2\lib\win64.o\librdi_bitstream.dll
0x00007ffb48e80000 - 0x00007ffb48edd000 	D:\Xilinx\Vivado\2016.2\lib\win64.o\librdi_boarddep.dll
0x00007ffb194e0000 - 0x00007ffb195c3000 	D:\Xilinx\Vivado\2016.2\lib\win64.o\librdi_containers.dll
0x00007ffaed110000 - 0x00007ffaee37b000 	D:\Xilinx\Vivado\2016.2\lib\win64.o\librdi_constraints.dll
0x00007ffac1060000 - 0x00007ffac48c7000 	D:\Xilinx\Vivado\2016.2\lib\win64.o\librdi_designutils.dll
0x00007ffabe550000 - 0x00007ffac1053000 	D:\Xilinx\Vivado\2016.2\lib\win64.o\librdi_coregen.dll
0x00007ffa9ef10000 - 0x00007ffaa7dd1000 	D:\Xilinx\Vivado\2016.2\lib\win64.o\librdi_device.dll
0x00007ffb0e880000 - 0x00007ffb0eaa0000 	D:\Xilinx\Vivado\2016.2\lib\win64.o\librdi_dlyest.dll
0x00007ffb193a0000 - 0x00007ffb19460000 	D:\Xilinx\Vivado\2016.2\lib\win64.o\librdi_dsp.dll
0x00007ffaec9a0000 - 0x00007ffaecea3000 	D:\Xilinx\Vivado\2016.2\lib\win64.o\librdi_drc.dll
0x00007ffad7890000 - 0x00007ffad7dda000 	D:\Xilinx\Vivado\2016.2\lib\win64.o\librdi_filemgmt.dll
0x00007ffb0c610000 - 0x00007ffb0c850000 	D:\Xilinx\Vivado\2016.2\lib\win64.o\librdi_guitools.dll
0x00007ffad4ae0000 - 0x00007ffad506d000 	D:\Xilinx\Vivado\2016.2\lib\win64.o\librdi_memdata.dll
0x00007ffad3a30000 - 0x00007ffad3e64000 	D:\Xilinx\Vivado\2016.2\lib\win64.o\librdi_netlist.dll
0x00007ffabcbb0000 - 0x00007ffabe54e000 	D:\Xilinx\Vivado\2016.2\lib\win64.o\librdi_place.dll
0x00007ffb4b360000 - 0x00007ffb4b39b000 	D:\Xilinx\Vivado\2016.2\lib\win64.o\librdi_pfi.dll
0x00007ffacf6a0000 - 0x00007ffacfb1d000 	D:\Xilinx\Vivado\2016.2\lib\win64.o\librdi_project.dll
0x00007ffad3470000 - 0x00007ffad3a28000 	D:\Xilinx\Vivado\2016.2\lib\win64.o\librdi_power.dll
0x00007ffacf1c0000 - 0x00007ffacf691000 	D:\Xilinx\Vivado\2016.2\lib\win64.o\librdi_psta.dll
0x00007ffad2830000 - 0x00007ffad3466000 	D:\Xilinx\Vivado\2016.2\lib\win64.o\librdi_route.dll
0x00007ffb080a0000 - 0x00007ffb08376000 	D:\Xilinx\Vivado\2016.2\lib\win64.o\librdi_runs.dll
0x00007ffacfb20000 - 0x00007ffad0104000 	D:\Xilinx\Vivado\2016.2\lib\win64.o\librdi_rsb.dll
0x00007ffb3aec0000 - 0x00007ffb3af1b000 	D:\Xilinx\Vivado\2016.2\lib\win64.o\librdi_runsbase.dll
0x00007ffb17880000 - 0x00007ffb179fd000 	D:\Xilinx\Vivado\2016.2\lib\win64.o\librdi_simdata.dll
0x00007ffacd2d0000 - 0x00007ffacdd5e000 	D:\Xilinx\Vivado\2016.2\lib\win64.o\librdi_timing.dll
0x00007ffb09d10000 - 0x00007ffb09f00000 	D:\Xilinx\Vivado\2016.2\lib\win64.o\librdi_sio.dll
0x00007ffb30e20000 - 0x00007ffb30e83000 	D:\Xilinx\Vivado\2016.2\lib\win64.o\liblmx6.0.dll
0x00007ffaccd90000 - 0x00007ffacd2d0000 	D:\Xilinx\Vivado\2016.2\lib\win64.o\librdi_xdm.dll
0x00007ffb48de0000 - 0x00007ffb48e27000 	D:\Xilinx\Vivado\2016.2\lib\win64.o\libboost_serialization.dll
0x00007fface840000 - 0x00007ffacf1bf000 	D:\Xilinx\Vivado\2016.2\lib\win64.o\libverific.dll
0x00007ffaca220000 - 0x00007ffaca8d3000 	D:\Xilinx\Vivado\2016.2\lib\win64.o\librdi_coregenipxact.dll
0x00007ffb19200000 - 0x00007ffb19297000 	D:\Xilinx\Vivado\2016.2\lib\win64.o\libise.dll
0x00007ffad2480000 - 0x00007ffad2821000 	D:\Xilinx\Vivado\2016.2\lib\win64.o\librdi_wavedata.dll
0x00007ffb4a150000 - 0x00007ffb4a18a000 	D:\Xilinx\Vivado\2016.2\lib\win64.o\librdi_wavedata_SimpleApi.dll
0x00007ffacc7d0000 - 0x00007ffaccd8c000 	D:\Xilinx\Vivado\2016.2\lib\win64.o\librdi_abc_nomp.dll
0x00007ffab5060000 - 0x00007ffab6891000 	D:\Xilinx\Vivado\2016.2\lib\win64.o\librdi_mig.dll
0x00007ffb5bc80000 - 0x00007ffb5bc99000 	D:\Xilinx\Vivado\2016.2\lib\win64.o\librdi_hmetis.dll
0x00007ffb39350000 - 0x00007ffb39393000 	D:\Xilinx\Vivado\2016.2\lib\win64.o\librdi_hdf.dll
0x00007ffaeb9a0000 - 0x00007ffaebb92000 	D:\Xilinx\Vivado\2016.2\lib\win64.o\librdi_hsm.dll
0x00007ffac4af0000 - 0x00007ffac5184000 	D:\Xilinx\Vivado\2016.2\lib\win64.o\librdi_labtools.dll
0x00007ffb033a0000 - 0x00007ffb03621000 	D:\Xilinx\Vivado\2016.2\lib\win64.o\librdi_ippcw.dll
0x00007ffb381a0000 - 0x00007ffb381ed000 	D:\Xilinx\Vivado\2016.2\lib\win64.o\librdi_projectbase.dll
0x00007ffab36a0000 - 0x00007ffab505c000 	D:\Xilinx\Vivado\2016.2\lib\win64.o\librdi_synth.dll
0x00007ffb751f0000 - 0x00007ffb7521d000 	C:\Windows\SYSTEM32\IPHLPAPI.DLL
0x00007ffb18af0000 - 0x00007ffb18ba5000 	D:\Xilinx\Vivado\2016.2\lib\win64.o\librdi_hwh.dll
0x00007ffb1a480000 - 0x00007ffb1a4ff000 	D:\Xilinx\Vivado\2016.2\lib\win64.o\librdi_simbridge_kernel.dll
0x00007ffb4b0e0000 - 0x00007ffb4b108000 	D:\Xilinx\Vivado\2016.2\lib\win64.o\librdi_commoncwebtalk.dll
0x00007ffb4e7e0000 - 0x00007ffb4e80a000 	D:\Xilinx\Vivado\2016.2\lib\win64.o\librdi_hcp.dll
0x00007ffae59c0000 - 0x00007ffae5c27000 	D:\Xilinx\Vivado\2016.2\lib\win64.o\librdi_xicom_hw.dll
0x00007ffb53630000 - 0x00007ffb5364f000 	D:\Xilinx\Vivado\2016.2\lib\win64.o\librdi_bmg.dll
0x00007ffabc4d0000 - 0x00007ffabcba7000 	D:\Xilinx\Vivado\2016.2\lib\win64.o\librdi_coretasks.dll

VM Arguments:
jvm_args: -Dsun.java2d.pmoffscreen=false -Dsun.java2d.d3d=false -Dsun.awt.nopixfmt=true -Xverify:none -Dswing.aatext=true -XX:-UsePerfData -Djdk.map.althashing.threshold=512 -XX:StringTableSize=4072 -XX:NewSize=60m -XX:MaxNewSize=60m -Xms128m -Xmx3072m -Xss5m 
java_command: <unknown>
java_class_path (initial): D:/Xilinx/Vivado/2016.2\lib\classes\alloy.jar;D:/Xilinx/Vivado/2016.2\lib\classes\batik-anim.jar;D:/Xilinx/Vivado/2016.2\lib\classes\batik-awt-util.jar;D:/Xilinx/Vivado/2016.2\lib\classes\batik-bridge.jar;D:/Xilinx/Vivado/2016.2\lib\classes\batik-codec.jar;D:/Xilinx/Vivado/2016.2\lib\classes\batik-css.jar;D:/Xilinx/Vivado/2016.2\lib\classes\batik-dom.jar;D:/Xilinx/Vivado/2016.2\lib\classes\batik-ext.jar;D:/Xilinx/Vivado/2016.2\lib\classes\batik-gui-util.jar;D:/Xilinx/Vivado/2016.2\lib\classes\batik-gvt.jar;D:/Xilinx/Vivado/2016.2\lib\classes\batik-parser.jar;D:/Xilinx/Vivado/2016.2\lib\classes\batik-script.jar;D:/Xilinx/Vivado/2016.2\lib\classes\batik-svg-dom.jar;D:/Xilinx/Vivado/2016.2\lib\classes\batik-swing.jar;D:/Xilinx/Vivado/2016.2\lib\classes\batik-transcoder.jar;D:/Xilinx/Vivado/2016.2\lib\classes\batik-util.jar;D:/Xilinx/Vivado/2016.2\lib\classes\batik-xml.jar;D:/Xilinx/Vivado/2016.2\lib\classes\commons-math-2.2.jar;D:/Xilinx/Vivado/2016.2\lib\classes\dom4j-1.6.1.jar;D:/Xilinx/Vivado/2016.2\lib\classes\forms.jar;D:/Xilinx/Vivado/2016.2\lib\classes\guava-18.0.jar;D:/Xilinx/Vivado/2016.2\lib\classes\help.jar;D:/Xilinx/Vivado/2016.2\lib\classes\hsqldb.jar;D:/Xilinx/Vivado/2016.2\lib\classes\jh.jar;D:/Xilinx/Vivado/2016.2\lib\classes\jide-action.jar;D:/Xilinx/Vivado/2016.2\lib\classes\jide-charts.jar;D:/Xilinx/Vivado/2016.2\lib\classes\jide-common.jar;D:/Xilinx/Vivado/2016.2\lib\classes\jide-components.jar;D:/Xilinx/Vivado/2016.2\lib\classes\jide-dashboard.jar;D:/Xilinx/Vivado/2016.2\lib\classes\jide-data.jar;D:/Xilinx/Vivado/2016.2\lib\classes\jide-dialogs.jar;D:/Xilinx/Vivado/2016.2\lib\classes\jide-diff.jar;D:/Xilinx/Vivado/2016.2\lib\classes\jide-dock.jar;D:/Xilinx/Vivado/2016.2\lib\classes\jide-editor.jar;D:/Xilinx/Vivado/2016.2\lib\classes\jide-gantt.jar;D:/Xilinx/Vivado/2016.2\lib\classes\jide-grids.jar;D:/Xilinx/Vivado/2016.2\lib\classes\jide-pivot.jar;D:/Xilinx/Vivado/2016.2\lib\classes\jide-plaf-jdk7.jar;D:/Xilinx/Vivado/2
Launcher Type: generic

Environment Variables:
PATH=D:/Xilinx/Vivado/2016.2/bin;D:/Xilinx/Vivado/2016.2/lib/win64.o;D:/Xilinx/Vivado/2016.2/tps/win64/jre/bin/server;D:/Xilinx/Vivado/2016.2/tps/win64/jre/bin;D:/Xilinx/Vivado/2016.2/ids_lite/ISE/bin/nt64;D:/Xilinx/Vivado/2016.2/ids_lite/ISE/lib/nt64;D:/Xilinx/Vivado_HLS/2016.2/bin;C:\Program Files (x86)\Common Files\Oracle\Java\javapath;C:\Windows\system32;C:\Windows;C:\Windows\System32\Wbem;C:\Windows\System32\WindowsPowerShell\v1.0\;C:\Windows\System32\OpenSSH\;C:\Program Files\dotnet\;C:\Program Files (x86)\NVIDIA Corporation\PhysX\Common;C:\Program Files\NVIDIA Corporation\NVIDIA NvDLISR;C:\MinGW\bin;C:\Program Files\Microsoft SQL Server\150\Tools\Binn\;C:\Program Files\Microsoft SQL Server\Client SDK\ODBC\170\Tools\Binn\;C:\Program Files\Git\cmd;C:\Users\thb20\AppData\Roaming\nvm;D:\nodejs;C:\Program Files (x86)\NetSarang\Xftp 7\;C:\Program Files (x86)\NetSarang\Xshell 7\;C:\Program Files\python;C:\Program Files\python\Scripts;;D:\BtSoft\panel\script;C:\Users\thb20\AppData\Local\Programs\Python\Python310\Scripts\;C:\Users\thb20\AppData\Local\Programs\Python\Python310\;C:\Program Files\MySQL\MySQL Shell 8.0\bin\;C:\Users\thb20\AppData\Local\Microsoft\WindowsApps;D:\\win32pe;D:\modelsim\win32pe;D:\VSCode\bin;C:\Users\thb20\.dotnet\tools;C:\Users\thb20\AppData\Roaming\npm;node_global\;D:\PyCharm Community Edition 2022.2.3\bin;D:\PyCharm 2022.2.3\bin
USERNAME=thb20
OS=Windows_NT
PROCESSOR_IDENTIFIER=Intel64 Family 6 Model 154 Stepping 3, GenuineIntel



---------------  S Y S T E M  ---------------

OS: Windows 10.0 , 64 bit Build 22000 (10.0.22000.1335)

CPU:total 20 (10 cores per cpu, 2 threads per core) family 6 model 154 stepping 3, cmov, cx8, fxsr, mmx, sse, sse2, sse3, ssse3, sse4.1, sse4.2, popcnt, avx, avx2, aes, clmul, erms, 3dnowpref, lzcnt, ht, tsc, tscinvbit, bmi1, bmi2, adx

Memory: 4k page, physical 33217320k(20313020k free), swap 38198056k(18965536k free)

vm_info: Java HotSpot(TM) 64-Bit Server VM (25.66-b18) for windows-amd64 JRE (1.8.0_66-b18), built on Nov  9 2015 10:51:13 by "java_re" with MS VC++ 10.0 (VS2010)

time: Thu Dec 29 21:51:52 2022
elapsed time: 1 seconds (0d 0h 0m 1s)

