#-----------------------------------------------------------
# Vivado v2016.2 (64-bit)
# SW Build 1577090 on Thu Jun  2 16:32:40 MDT 2016
# IP Build 1577682 on Fri Jun  3 12:00:54 MDT 2016
# Start of session at: Sat Jan 07 10:39:08 2023
# Process ID: 8028
# Current directory: C:/Users/thb20/Desktop/Big_homework/touch_board
# Command line: vivado.exe -gui_launcher_event rodinguilauncherevent14912 C:\Users\thb20\Desktop\Big_homework\touch_board\touch_board.xpr
# Log file: C:/Users/thb20/Desktop/Big_homework/touch_board/vivado.log
# Journal file: C:/Users/thb20/Desktop/Big_homework/touch_board\vivado.jou
#-----------------------------------------------------------
start_gui
open_project C:/Users/thb20/Desktop/Big_homework/touch_board/touch_board.xpr
Scanning sources...
Finished scanning sources
INFO: [IP_Flow 19-234] Refreshing IP repositories
INFO: [IP_Flow 19-1704] No user IP repositories specified
INFO: [IP_Flow 19-2313] Loaded Vivado IP repository 'D:/Xilinx/Vivado/2016.2/data/ip'.
open_project: Time (s): cpu = 00:00:09 ; elapsed = 00:00:05 . Memory (MB): peak = 960.652 ; gain = 228.781
update_compile_order -fileset sources_1
open_run synth_1 -name synth_1
Design is defaulting to impl run constrset: constrs_1
Design is defaulting to synth run part: xc7a100tcsg324-1
INFO: [Project 1-454] Reading design checkpoint 'c:/Users/thb20/Desktop/Big_homework/touch_board/touch_board.srcs/sources_1/ip/blk_mem_gen_0/blk_mem_gen_0.dcp' for cell 'buffer'
INFO: [Project 1-454] Reading design checkpoint 'c:/Users/thb20/Desktop/Big_homework/touch_board/touch_board.srcs/sources_1/ip/clk_wiz_0/clk_wiz_0.dcp' for cell 'div'
INFO: [Netlist 29-17] Analyzing 1258 Unisim elements for replacement
INFO: [Netlist 29-28] Unisim Transformation completed in 0 CPU seconds
INFO: [Project 1-479] Netlist was created with Vivado 2016.2
INFO: [Device 21-403] Loading part xc7a100tcsg324-1
INFO: [Project 1-570] Preparing netlist for logic optimization
WARNING: [Opt 31-35] Removing redundant IBUF, div/inst/clkin1_ibufg, from the path connected to top-level port: clk 
Resolution: The tool has removed redundant IBUF. To resolve this warning, check for redundant IBUF in the input design.
WARNING: [Constraints 18-550] Could not create 'IBUF_LOW_PWR' constraint because net 'div/clk_in1' is not directly connected to top level port. 'IBUF_LOW_PWR' is ignored by Vivado but preserved for implementation tool. [C:/Users/thb20/Desktop/Big_homework/touch_board/.Xil/Vivado-8028-thb/dcp_2/clk_wiz_0.edf:296]
Parsing XDC File [c:/Users/thb20/Desktop/Big_homework/touch_board/touch_board.srcs/sources_1/ip/clk_wiz_0/clk_wiz_0_board.xdc] for cell 'div/inst'
Finished Parsing XDC File [c:/Users/thb20/Desktop/Big_homework/touch_board/touch_board.srcs/sources_1/ip/clk_wiz_0/clk_wiz_0_board.xdc] for cell 'div/inst'
Parsing XDC File [c:/Users/thb20/Desktop/Big_homework/touch_board/touch_board.srcs/sources_1/ip/clk_wiz_0/clk_wiz_0.xdc] for cell 'div/inst'
INFO: [Timing 38-35] Done setting XDC timing constraints. [c:/Users/thb20/Desktop/Big_homework/touch_board/touch_board.srcs/sources_1/ip/clk_wiz_0/clk_wiz_0.xdc:57]
INFO: [Timing 38-2] Deriving generated clocks [c:/Users/thb20/Desktop/Big_homework/touch_board/touch_board.srcs/sources_1/ip/clk_wiz_0/clk_wiz_0.xdc:57]
get_clocks: Time (s): cpu = 00:00:07 ; elapsed = 00:00:07 . Memory (MB): peak = 1674.973 ; gain = 463.059
Finished Parsing XDC File [c:/Users/thb20/Desktop/Big_homework/touch_board/touch_board.srcs/sources_1/ip/clk_wiz_0/clk_wiz_0.xdc] for cell 'div/inst'
Parsing XDC File [C:/Users/thb20/Desktop/Big_homework/touch_board/touch_board.srcs/constrs_1/new/top.xdc]
WARNING: [Vivado 12-584] No ports matched 'tag1'. [C:/Users/thb20/Desktop/Big_homework/touch_board/touch_board.srcs/constrs_1/new/top.xdc:97]
CRITICAL WARNING: [Common 17-55] 'set_property' expects at least one object. [C:/Users/thb20/Desktop/Big_homework/touch_board/touch_board.srcs/constrs_1/new/top.xdc:97]
Resolution: If [get_<value>] was used to populate the object, check to make sure this command returns at least one valid object.
WARNING: [Vivado 12-584] No ports matched 'tag1'. [C:/Users/thb20/Desktop/Big_homework/touch_board/touch_board.srcs/constrs_1/new/top.xdc:98]
CRITICAL WARNING: [Common 17-55] 'set_property' expects at least one object. [C:/Users/thb20/Desktop/Big_homework/touch_board/touch_board.srcs/constrs_1/new/top.xdc:98]
Resolution: If [get_<value>] was used to populate the object, check to make sure this command returns at least one valid object.
WARNING: [Vivado 12-584] No ports matched 'tag2'. [C:/Users/thb20/Desktop/Big_homework/touch_board/touch_board.srcs/constrs_1/new/top.xdc:99]
CRITICAL WARNING: [Common 17-55] 'set_property' expects at least one object. [C:/Users/thb20/Desktop/Big_homework/touch_board/touch_board.srcs/constrs_1/new/top.xdc:99]
Resolution: If [get_<value>] was used to populate the object, check to make sure this command returns at least one valid object.
WARNING: [Vivado 12-584] No ports matched 'tag2'. [C:/Users/thb20/Desktop/Big_homework/touch_board/touch_board.srcs/constrs_1/new/top.xdc:100]
CRITICAL WARNING: [Common 17-55] 'set_property' expects at least one object. [C:/Users/thb20/Desktop/Big_homework/touch_board/touch_board.srcs/constrs_1/new/top.xdc:100]
Resolution: If [get_<value>] was used to populate the object, check to make sure this command returns at least one valid object.
WARNING: [Vivado 12-584] No ports matched 'tag3'. [C:/Users/thb20/Desktop/Big_homework/touch_board/touch_board.srcs/constrs_1/new/top.xdc:101]
CRITICAL WARNING: [Common 17-55] 'set_property' expects at least one object. [C:/Users/thb20/Desktop/Big_homework/touch_board/touch_board.srcs/constrs_1/new/top.xdc:101]
Resolution: If [get_<value>] was used to populate the object, check to make sure this command returns at least one valid object.
WARNING: [Vivado 12-584] No ports matched 'tag3'. [C:/Users/thb20/Desktop/Big_homework/touch_board/touch_board.srcs/constrs_1/new/top.xdc:102]
CRITICAL WARNING: [Common 17-55] 'set_property' expects at least one object. [C:/Users/thb20/Desktop/Big_homework/touch_board/touch_board.srcs/constrs_1/new/top.xdc:102]
Resolution: If [get_<value>] was used to populate the object, check to make sure this command returns at least one valid object.
WARNING: [Vivado 12-584] No ports matched 'tag4'. [C:/Users/thb20/Desktop/Big_homework/touch_board/touch_board.srcs/constrs_1/new/top.xdc:103]
CRITICAL WARNING: [Common 17-55] 'set_property' expects at least one object. [C:/Users/thb20/Desktop/Big_homework/touch_board/touch_board.srcs/constrs_1/new/top.xdc:103]
Resolution: If [get_<value>] was used to populate the object, check to make sure this command returns at least one valid object.
WARNING: [Vivado 12-584] No ports matched 'tag4'. [C:/Users/thb20/Desktop/Big_homework/touch_board/touch_board.srcs/constrs_1/new/top.xdc:104]
CRITICAL WARNING: [Common 17-55] 'set_property' expects at least one object. [C:/Users/thb20/Desktop/Big_homework/touch_board/touch_board.srcs/constrs_1/new/top.xdc:104]
Resolution: If [get_<value>] was used to populate the object, check to make sure this command returns at least one valid object.
WARNING: [Vivado 12-584] No ports matched 'color'. [C:/Users/thb20/Desktop/Big_homework/touch_board/touch_board.srcs/constrs_1/new/top.xdc:123]
CRITICAL WARNING: [Common 17-55] 'set_property' expects at least one object. [C:/Users/thb20/Desktop/Big_homework/touch_board/touch_board.srcs/constrs_1/new/top.xdc:123]
Resolution: If [get_<value>] was used to populate the object, check to make sure this command returns at least one valid object.
WARNING: [Vivado 12-584] No ports matched 'color'. [C:/Users/thb20/Desktop/Big_homework/touch_board/touch_board.srcs/constrs_1/new/top.xdc:124]
CRITICAL WARNING: [Common 17-55] 'set_property' expects at least one object. [C:/Users/thb20/Desktop/Big_homework/touch_board/touch_board.srcs/constrs_1/new/top.xdc:124]
Resolution: If [get_<value>] was used to populate the object, check to make sure this command returns at least one valid object.
Finished Parsing XDC File [C:/Users/thb20/Desktop/Big_homework/touch_board/touch_board.srcs/constrs_1/new/top.xdc]
INFO: [Project 1-538] Using original IP XDC constraints instead of the XDC constraints in dcp 'c:/Users/thb20/Desktop/Big_homework/touch_board/touch_board.srcs/sources_1/ip/clk_wiz_0/clk_wiz_0.dcp'
INFO: [Project 1-538] Using original IP XDC constraints instead of the XDC constraints in dcp 'c:/Users/thb20/Desktop/Big_homework/touch_board/touch_board.srcs/sources_1/ip/blk_mem_gen_0/blk_mem_gen_0.dcp'
INFO: [Opt 31-138] Pushed 0 inverter(s) to 0 load pin(s).
INFO: [Project 1-111] Unisim Transformation Summary:
No Unisim elements were transformed.

open_run: Time (s): cpu = 00:00:17 ; elapsed = 00:00:16 . Memory (MB): peak = 1726.852 ; gain = 749.309
open_hw
connect_hw_server
INFO: [Labtools 27-2285] Connecting to hw_server url TCP:localhost:3121
INFO: [Labtools 27-2222] Launching hw_server...
INFO: [Labtools 27-2221] Launch Output:

****** Xilinx hw_server v2016.2
  **** Build date : Jun  2 2016-16:57:03
    ** Copyright 1986-2016 Xilinx, Inc. All Rights Reserved.


open_hw_target
INFO: [Labtoolstcl 44-466] Opening hw_target localhost:3121/xilinx_tcf/Digilent/210292710260A
set_property PROGRAM.FILE {C:/Users/thb20/Desktop/Big_homework/touch_board/touch_board.runs/impl_1/LinearFitting.bit} [lindex [get_hw_devices] 0]
current_hw_device [lindex [get_hw_devices] 0]
refresh_hw_device -update_hw_probes false [lindex [get_hw_devices] 0]
INFO: [Labtools 27-1434] Device xc7a100t (JTAG device index = 0) is programmed with a design that has no supported debug core(s) in it.
WARNING: [Labtools 27-3123] The debug hub core was not detected at User Scan Chain 1 or 3.
Resolution: 
1. Make sure the clock connected to the debug hub (dbg_hub) core is a free running clock and is active OR
2. Manually launch hw_server with -e "set xsdb-user-bscan <C_USER_SCAN_CHAIN scan_chain_number>" to detect the debug hub at User Scan Chain of 2 or 4. To determine the user scan chain setting, open the implemented design and use: get_property C_USER_SCAN_CHAIN [get_debug_cores dbg_hub].
set_property PROBES.FILE {} [lindex [get_hw_devices] 0]
set_property PROGRAM.FILE {C:/Users/thb20/Desktop/Big_homework/touch_board/touch_board.runs/impl_1/LinearFitting.bit} [lindex [get_hw_devices] 0]
program_hw_devices [lindex [get_hw_devices] 0]
INFO: [Labtools 27-3164] End of startup status: HIGH
refresh_hw_device [lindex [get_hw_devices] 0]
INFO: [Labtools 27-1434] Device xc7a100t (JTAG device index = 0) is programmed with a design that has no supported debug core(s) in it.
WARNING: [Labtools 27-3123] The debug hub core was not detected at User Scan Chain 1 or 3.
Resolution: 
1. Make sure the clock connected to the debug hub (dbg_hub) core is a free running clock and is active OR
2. Manually launch hw_server with -e "set xsdb-user-bscan <C_USER_SCAN_CHAIN scan_chain_number>" to detect the debug hub at User Scan Chain of 2 or 4. To determine the user scan chain setting, open the implemented design and use: get_property C_USER_SCAN_CHAIN [get_debug_cores dbg_hub].
exit
INFO: [Common 17-206] Exiting Vivado at Sat Jan 07 17:21:02 2023...
