#-----------------------------------------------------------
# Vivado v2016.2 (64-bit)
# SW Build 1577090 on Thu Jun  2 16:32:40 MDT 2016
# IP Build 1577682 on Fri Jun  3 12:00:54 MDT 2016
# Start of session at: Fri Jan 06 17:12:57 2023
# Process ID: 19872
# Current directory: C:/Users/thb20/Desktop/Big_homework/touch_board
# Command line: vivado.exe -gui_launcher_event rodinguilauncherevent30640 C:\Users\thb20\Desktop\Big_homework\touch_board\touch_board.xpr
# Log file: C:/Users/thb20/Desktop/Big_homework/touch_board/vivado.log
# Journal file: C:/Users/thb20/Desktop/Big_homework/touch_board\vivado.jou
#-----------------------------------------------------------
start_gui
open_project C:/Users/thb20/Desktop/Big_homework/touch_board/touch_board.xpr
Scanning sources...
Finished scanning sources
INFO: [IP_Flow 19-234] Refreshing IP repositories
INFO: [IP_Flow 19-1704] No user IP repositories specified
INFO: [IP_Flow 19-2313] Loaded Vivado IP repository 'D:/Xilinx/Vivado/2016.2/data/ip'.
update_compile_order -fileset sources_1
exit
INFO: [Common 17-206] Exiting Vivado at Fri Jan 06 20:53:49 2023...
