#-----------------------------------------------------------
# Vivado v2016.2 (64-bit)
# SW Build 1577090 on Thu Jun  2 16:32:40 MDT 2016
# IP Build 1577682 on Fri Jun  3 12:00:54 MDT 2016
# Start of session at: Fri Jan 06 21:25:30 2023
# Process ID: 16624
# Current directory: C:/Users/thb20/Desktop/Big_homework/touch_board
# Command line: vivado.exe -gui_launcher_event rodinguilauncherevent29452 C:\Users\thb20\Desktop\Big_homework\touch_board\touch_board.xpr
# Log file: C:/Users/thb20/Desktop/Big_homework/touch_board/vivado.log
# Journal file: C:/Users/thb20/Desktop/Big_homework/touch_board\vivado.jou
#-----------------------------------------------------------
start_gui
open_project C:/Users/thb20/Desktop/Big_homework/touch_board/touch_board.xpr
Scanning sources...
Finished scanning sources
INFO: [IP_Flow 19-234] Refreshing IP repositories
INFO: [IP_Flow 19-1704] No user IP repositories specified
INFO: [IP_Flow 19-2313] Loaded Vivado IP repository 'D:/Xilinx/Vivado/2016.2/data/ip'.
update_compile_order -fileset sources_1
launch_runs impl_1 -to_step write_bitstream
[Fri Jan 06 21:26:04 2023] Launched synth_1...
Run output will be captured here: C:/Users/thb20/Desktop/Big_homework/touch_board/touch_board.runs/synth_1/runme.log
[Fri Jan 06 21:26:04 2023] Launched impl_1...
Run output will be captured here: C:/Users/thb20/Desktop/Big_homework/touch_board/touch_board.runs/impl_1/runme.log
open_hw
connect_hw_server
INFO: [Labtools 27-2285] Connecting to hw_server url TCP:localhost:3121
INFO: [Labtools 27-2222] Launching hw_server...
INFO: [Labtools 27-2221] Launch Output:

****** Xilinx hw_server v2016.2
  **** Build date : Jun  2 2016-16:57:03
    ** Copyright 1986-2016 Xilinx, Inc. All Rights Reserved.


open_hw_target
INFO: [Labtoolstcl 44-466] Opening hw_target localhost:3121/xilinx_tcf/Digilent/210292710260A
set_property PROGRAM.FILE {C:/Users/thb20/Desktop/Big_homework/touch_board/touch_board.runs/impl_1/LinearFitting.bit} [lindex [get_hw_devices] 0]
current_hw_device [lindex [get_hw_devices] 0]
refresh_hw_device -update_hw_probes false [lindex [get_hw_devices] 0]
INFO: [Labtools 27-1434] Device xc7a100t (JTAG device index = 0) is programmed with a design that has no supported debug core(s) in it.
WARNING: [Labtools 27-3123] The debug hub core was not detected at User Scan Chain 1 or 3.
Resolution: 
1. Make sure the clock connected to the debug hub (dbg_hub) core is a free running clock and is active OR
2. Manually launch hw_server with -e "set xsdb-user-bscan <C_USER_SCAN_CHAIN scan_chain_number>" to detect the debug hub at User Scan Chain of 2 or 4. To determine the user scan chain setting, open the implemented design and use: get_property C_USER_SCAN_CHAIN [get_debug_cores dbg_hub].
set_property PROBES.FILE {} [lindex [get_hw_devices] 0]
set_property PROGRAM.FILE {C:/Users/thb20/Desktop/Big_homework/touch_board/touch_board.runs/impl_1/LinearFitting.bit} [lindex [get_hw_devices] 0]
program_hw_devices [lindex [get_hw_devices] 0]
INFO: [Labtools 27-3164] End of startup status: HIGH
refresh_hw_device [lindex [get_hw_devices] 0]
INFO: [Labtools 27-1434] Device xc7a100t (JTAG device index = 0) is programmed with a design that has no supported debug core(s) in it.
WARNING: [Labtools 27-3123] The debug hub core was not detected at User Scan Chain 1 or 3.
Resolution: 
1. Make sure the clock connected to the debug hub (dbg_hub) core is a free running clock and is active OR
2. Manually launch hw_server with -e "set xsdb-user-bscan <C_USER_SCAN_CHAIN scan_chain_number>" to detect the debug hub at User Scan Chain of 2 or 4. To determine the user scan chain setting, open the implemented design and use: get_property C_USER_SCAN_CHAIN [get_debug_cores dbg_hub].
reset_run synth_1
launch_runs impl_1 -to_step write_bitstream
[Fri Jan 06 21:30:09 2023] Launched synth_1...
Run output will be captured here: C:/Users/thb20/Desktop/Big_homework/touch_board/touch_board.runs/synth_1/runme.log
[Fri Jan 06 21:30:09 2023] Launched impl_1...
Run output will be captured here: C:/Users/thb20/Desktop/Big_homework/touch_board/touch_board.runs/impl_1/runme.log
set_property PROBES.FILE {} [lindex [get_hw_devices] 0]
set_property PROGRAM.FILE {C:/Users/thb20/Desktop/Big_homework/touch_board/touch_board.runs/impl_1/LinearFitting.bit} [lindex [get_hw_devices] 0]
program_hw_devices [lindex [get_hw_devices] 0]
INFO: [Labtools 27-3164] End of startup status: HIGH
refresh_hw_device [lindex [get_hw_devices] 0]
INFO: [Labtools 27-1434] Device xc7a100t (JTAG device index = 0) is programmed with a design that has no supported debug core(s) in it.
WARNING: [Labtools 27-3123] The debug hub core was not detected at User Scan Chain 1 or 3.
Resolution: 
1. Make sure the clock connected to the debug hub (dbg_hub) core is a free running clock and is active OR
2. Manually launch hw_server with -e "set xsdb-user-bscan <C_USER_SCAN_CHAIN scan_chain_number>" to detect the debug hub at User Scan Chain of 2 or 4. To determine the user scan chain setting, open the implemented design and use: get_property C_USER_SCAN_CHAIN [get_debug_cores dbg_hub].
update_compile_order -fileset sources_1
close [ open C:/Users/thb20/Desktop/Big_homework/touch_board/touch_board.srcs/sources_1/new/Display7.v w ]
add_files C:/Users/thb20/Desktop/Big_homework/touch_board/touch_board.srcs/sources_1/new/Display7.v
WARNING: [filemgmt 56-12] File 'C:/Users/thb20/Desktop/Big_homework/touch_board/touch_board.srcs/sources_1/new/Display7.v' cannot be added to the project because it already exists in the project, skipping this file
update_compile_order -fileset sources_1
remove_files C:/Users/thb20/Desktop/Big_homework/touch_board/touch_board.srcs/sources_1/new/display7.v
close [ open C:/Users/thb20/Desktop/Big_homework/touch_board/touch_board.srcs/sources_1/new/Display7.v w ]
add_files C:/Users/thb20/Desktop/Big_homework/touch_board/touch_board.srcs/sources_1/new/Display7.v
update_compile_order -fileset sources_1
update_compile_order -fileset sources_1
update_compile_order -fileset sources_1
reset_run synth_1
launch_runs impl_1 -to_step write_bitstream
[Fri Jan 06 21:36:45 2023] Launched synth_1...
Run output will be captured here: C:/Users/thb20/Desktop/Big_homework/touch_board/touch_board.runs/synth_1/runme.log
[Fri Jan 06 21:36:45 2023] Launched impl_1...
Run output will be captured here: C:/Users/thb20/Desktop/Big_homework/touch_board/touch_board.runs/impl_1/runme.log
set_property PROBES.FILE {} [lindex [get_hw_devices] 0]
set_property PROGRAM.FILE {C:/Users/thb20/Desktop/Big_homework/touch_board/touch_board.runs/impl_1/LinearFitting.bit} [lindex [get_hw_devices] 0]
program_hw_devices [lindex [get_hw_devices] 0]
INFO: [Labtools 27-3164] End of startup status: HIGH
refresh_hw_device [lindex [get_hw_devices] 0]
INFO: [Labtools 27-1434] Device xc7a100t (JTAG device index = 0) is programmed with a design that has no supported debug core(s) in it.
WARNING: [Labtools 27-3123] The debug hub core was not detected at User Scan Chain 1 or 3.
Resolution: 
1. Make sure the clock connected to the debug hub (dbg_hub) core is a free running clock and is active OR
2. Manually launch hw_server with -e "set xsdb-user-bscan <C_USER_SCAN_CHAIN scan_chain_number>" to detect the debug hub at User Scan Chain of 2 or 4. To determine the user scan chain setting, open the implemented design and use: get_property C_USER_SCAN_CHAIN [get_debug_cores dbg_hub].
DADDR_08: 11c8	-CLKOUT0 Register 1
DADDR_09: 0080	-CLKOUT0 Register 2
DADDR_08: 11c8	-CLKOUT0 Register 1
DADDR_09: 0080	-CLKOUT0 Register 2
DADDR_0A: 14d4	-CLKOUT1 Register 1
DADDR_0B: 0080	-CLKOUT1 Register 2
DADDR_0A: 14d4	-CLKOUT1 Register 1
DADDR_0B: 0080	-CLKOUT1 Register 2

	WARNING: Min duty cycle violation 0.500 < 1.0
	         Changing dutycycle to 1.0


	WARNING: Max duty cycle is 1.0 > 0.0
	         Changing dutycycle to 0.0

DADDR_0C: 1041	-CLKOUT2 Register 1
DADDR_0D: 00c0	-CLKOUT2 Register 2

	WARNING: Min duty cycle violation 0.500 < 1.0
	         Changing dutycycle to 1.0


	WARNING: Max duty cycle is 1.0 > 0.0
	         Changing dutycycle to 0.0

DADDR_0C: 1041	-CLKOUT2 Register 1
DADDR_0D: 00c0	-CLKOUT2 Register 2

	WARNING: Min duty cycle violation 0.500 < 1.0
	         Changing dutycycle to 1.0


	WARNING: Max duty cycle is 1.0 > 0.0
	         Changing dutycycle to 0.0

DADDR_0E: 1041	-CLKOUT3 Register 1
DADDR_0F: 00c0	-CLKOUT3 Register 2

	WARNING: Min duty cycle violation 0.500 < 1.0
	         Changing dutycycle to 1.0


	WARNING: Max duty cycle is 1.0 > 0.0
	         Changing dutycycle to 0.0

DADDR_0E: 1041	-CLKOUT3 Register 1
DADDR_0F: 00c0	-CLKOUT3 Register 2

	WARNING: Min duty cycle violation 0.500 < 1.0
	         Changing dutycycle to 1.0


	WARNING: Max duty cycle is 1.0 > 0.0
	         Changing dutycycle to 0.0

DADDR_10: 1041	-CLKOUT4 Register 1
DADDR_11: 00c0	-CLKOUT4 Register 2

	WARNING: Min duty cycle violation 0.500 < 1.0
	         Changing dutycycle to 1.0


	WARNING: Max duty cycle is 1.0 > 0.0
	         Changing dutycycle to 0.0

DADDR_10: 1041	-CLKOUT4 Register 1
DADDR_11: 00c0	-CLKOUT4 Register 2

	WARNING: Min duty cycle violation 0.500 < 1.0
	         Changing dutycycle to 1.0


	WARNING: Max duty cycle is 1.0 > 0.0
	         Changing dutycycle to 0.0

DADDR_06: 1041	-CLKOUT5 Register 1
DADDR_07: 00c0	-CLKOUT5 Register 2

	WARNING: Min duty cycle violation 0.500 < 1.0
	         Changing dutycycle to 1.0


	WARNING: Max duty cycle is 1.0 > 0.0
	         Changing dutycycle to 0.0

DADDR_06: 1041	-CLKOUT5 Register 1
DADDR_07: 00c0	-CLKOUT5 Register 2
DADDR_08: 11c8	-CLKOUT0 Register 1
DADDR_09: 0080	-CLKOUT0 Register 2

	WARNING: Min duty cycle violation 0.500 < 1.0
	         Changing dutycycle to 1.0


	WARNING: Max duty cycle is 1.0 > 0.0
	         Changing dutycycle to 0.0

DADDR_12: 1041	-CLKOUT6 Register 1
DADDR_13: 00c0	-CLKOUT6 Register 2

	WARNING: Min duty cycle violation 0.500 < 1.0
	         Changing dutycycle to 1.0


	WARNING: Max duty cycle is 1.0 > 0.0
	         Changing dutycycle to 0.0

DADDR_12: 1041	-CLKOUT6 Register 1
DADDR_13: 00c0	-CLKOUT6 Register 2
reset_run impl_1 -prev_step 
launch_runs impl_1 -to_step write_bitstream
[Fri Jan 06 22:29:18 2023] Launched impl_1...
Run output will be captured here: C:/Users/thb20/Desktop/Big_homework/touch_board/touch_board.runs/impl_1/runme.log
set_property PROBES.FILE {} [lindex [get_hw_devices] 0]
set_property PROGRAM.FILE {C:/Users/thb20/Desktop/Big_homework/touch_board/touch_board.runs/impl_1/LinearFitting.bit} [lindex [get_hw_devices] 0]
program_hw_devices [lindex [get_hw_devices] 0]
INFO: [Labtools 27-3164] End of startup status: HIGH
refresh_hw_device [lindex [get_hw_devices] 0]
INFO: [Labtools 27-1434] Device xc7a100t (JTAG device index = 0) is programmed with a design that has no supported debug core(s) in it.
WARNING: [Labtools 27-3123] The debug hub core was not detected at User Scan Chain 1 or 3.
Resolution: 
1. Make sure the clock connected to the debug hub (dbg_hub) core is a free running clock and is active OR
2. Manually launch hw_server with -e "set xsdb-user-bscan <C_USER_SCAN_CHAIN scan_chain_number>" to detect the debug hub at User Scan Chain of 2 or 4. To determine the user scan chain setting, open the implemented design and use: get_property C_USER_SCAN_CHAIN [get_debug_cores dbg_hub].
DADDR_08: 11c8	-CLKOUT0 Register 1
DADDR_09: 0080	-CLKOUT0 Register 2
DADDR_08: 11c8	-CLKOUT0 Register 1
DADDR_09: 0080	-CLKOUT0 Register 2
DADDR_0A: 14d4	-CLKOUT1 Register 1
DADDR_0B: 0080	-CLKOUT1 Register 2
DADDR_0A: 14d4	-CLKOUT1 Register 1
DADDR_0B: 0080	-CLKOUT1 Register 2

	WARNING: Min duty cycle violation 0.500 < 1.0
	         Changing dutycycle to 1.0


	WARNING: Max duty cycle is 1.0 > 0.0
	         Changing dutycycle to 0.0

DADDR_0C: 1041	-CLKOUT2 Register 1
DADDR_0D: 00c0	-CLKOUT2 Register 2

	WARNING: Min duty cycle violation 0.500 < 1.0
	         Changing dutycycle to 1.0


	WARNING: Max duty cycle is 1.0 > 0.0
	         Changing dutycycle to 0.0

DADDR_0C: 1041	-CLKOUT2 Register 1
DADDR_0D: 00c0	-CLKOUT2 Register 2

	WARNING: Min duty cycle violation 0.500 < 1.0
	         Changing dutycycle to 1.0


	WARNING: Max duty cycle is 1.0 > 0.0
	         Changing dutycycle to 0.0

DADDR_0E: 1041	-CLKOUT3 Register 1
DADDR_0F: 00c0	-CLKOUT3 Register 2

	WARNING: Min duty cycle violation 0.500 < 1.0
	         Changing dutycycle to 1.0


	WARNING: Max duty cycle is 1.0 > 0.0
	         Changing dutycycle to 0.0

DADDR_0E: 1041	-CLKOUT3 Register 1
DADDR_0F: 00c0	-CLKOUT3 Register 2

	WARNING: Min duty cycle violation 0.500 < 1.0
	         Changing dutycycle to 1.0


	WARNING: Max duty cycle is 1.0 > 0.0
	         Changing dutycycle to 0.0

DADDR_10: 1041	-CLKOUT4 Register 1
DADDR_11: 00c0	-CLKOUT4 Register 2

	WARNING: Min duty cycle violation 0.500 < 1.0
	         Changing dutycycle to 1.0


	WARNING: Max duty cycle is 1.0 > 0.0
	         Changing dutycycle to 0.0

DADDR_10: 1041	-CLKOUT4 Register 1
DADDR_11: 00c0	-CLKOUT4 Register 2

	WARNING: Min duty cycle violation 0.500 < 1.0
	         Changing dutycycle to 1.0


	WARNING: Max duty cycle is 1.0 > 0.0
	         Changing dutycycle to 0.0

DADDR_06: 1041	-CLKOUT5 Register 1
DADDR_07: 00c0	-CLKOUT5 Register 2

	WARNING: Min duty cycle violation 0.500 < 1.0
	         Changing dutycycle to 1.0


	WARNING: Max duty cycle is 1.0 > 0.0
	         Changing dutycycle to 0.0

DADDR_06: 1041	-CLKOUT5 Register 1
DADDR_07: 00c0	-CLKOUT5 Register 2
DADDR_08: 11c8	-CLKOUT0 Register 1
DADDR_09: 0080	-CLKOUT0 Register 2

	WARNING: Min duty cycle violation 0.500 < 1.0
	         Changing dutycycle to 1.0


	WARNING: Max duty cycle is 1.0 > 0.0
	         Changing dutycycle to 0.0

DADDR_12: 1041	-CLKOUT6 Register 1
DADDR_13: 00c0	-CLKOUT6 Register 2

	WARNING: Min duty cycle violation 0.500 < 1.0
	         Changing dutycycle to 1.0


	WARNING: Max duty cycle is 1.0 > 0.0
	         Changing dutycycle to 0.0

DADDR_12: 1041	-CLKOUT6 Register 1
DADDR_13: 00c0	-CLKOUT6 Register 2
set_property -dict [list CONFIG.CLKOUT1_REQUESTED_OUT_FREQ {65.000} CONFIG.MMCM_DIVCLK_DIVIDE {1} CONFIG.MMCM_CLKOUT0_DIVIDE_F {15.000} CONFIG.CLKOUT1_JITTER {142.278}] [get_ips clk_wiz_0]
DADDR_08: 11c8	-CLKOUT0 Register 1
DADDR_09: 0080	-CLKOUT0 Register 2
DADDR_08: 11c8	-CLKOUT0 Register 1
DADDR_09: 0080	-CLKOUT0 Register 2
DADDR_0A: 14d4	-CLKOUT1 Register 1
DADDR_0B: 0080	-CLKOUT1 Register 2
DADDR_0A: 14d4	-CLKOUT1 Register 1
DADDR_0B: 0080	-CLKOUT1 Register 2

	WARNING: Min duty cycle violation 0.500 < 1.0
	         Changing dutycycle to 1.0


	WARNING: Max duty cycle is 1.0 > 0.0
	         Changing dutycycle to 0.0

DADDR_0C: 1041	-CLKOUT2 Register 1
DADDR_0D: 00c0	-CLKOUT2 Register 2

	WARNING: Min duty cycle violation 0.500 < 1.0
	         Changing dutycycle to 1.0


	WARNING: Max duty cycle is 1.0 > 0.0
	         Changing dutycycle to 0.0

DADDR_0C: 1041	-CLKOUT2 Register 1
DADDR_0D: 00c0	-CLKOUT2 Register 2

	WARNING: Min duty cycle violation 0.500 < 1.0
	         Changing dutycycle to 1.0


	WARNING: Max duty cycle is 1.0 > 0.0
	         Changing dutycycle to 0.0

DADDR_0E: 1041	-CLKOUT3 Register 1
DADDR_0F: 00c0	-CLKOUT3 Register 2

	WARNING: Min duty cycle violation 0.500 < 1.0
	         Changing dutycycle to 1.0


	WARNING: Max duty cycle is 1.0 > 0.0
	         Changing dutycycle to 0.0

DADDR_0E: 1041	-CLKOUT3 Register 1
DADDR_0F: 00c0	-CLKOUT3 Register 2

	WARNING: Min duty cycle violation 0.500 < 1.0
	         Changing dutycycle to 1.0


	WARNING: Max duty cycle is 1.0 > 0.0
	         Changing dutycycle to 0.0

DADDR_10: 1041	-CLKOUT4 Register 1
DADDR_11: 00c0	-CLKOUT4 Register 2

	WARNING: Min duty cycle violation 0.500 < 1.0
	         Changing dutycycle to 1.0


	WARNING: Max duty cycle is 1.0 > 0.0
	         Changing dutycycle to 0.0

DADDR_10: 1041	-CLKOUT4 Register 1
DADDR_11: 00c0	-CLKOUT4 Register 2

	WARNING: Min duty cycle violation 0.500 < 1.0
	         Changing dutycycle to 1.0


	WARNING: Max duty cycle is 1.0 > 0.0
	         Changing dutycycle to 0.0

DADDR_06: 1041	-CLKOUT5 Register 1
DADDR_07: 00c0	-CLKOUT5 Register 2

	WARNING: Min duty cycle violation 0.500 < 1.0
	         Changing dutycycle to 1.0


	WARNING: Max duty cycle is 1.0 > 0.0
	         Changing dutycycle to 0.0

DADDR_06: 1041	-CLKOUT5 Register 1
DADDR_07: 00c0	-CLKOUT5 Register 2
DADDR_08: 11c8	-CLKOUT0 Register 1
DADDR_09: 0080	-CLKOUT0 Register 2

	WARNING: Min duty cycle violation 0.500 < 1.0
	         Changing dutycycle to 1.0


	WARNING: Max duty cycle is 1.0 > 0.0
	         Changing dutycycle to 0.0

DADDR_12: 1041	-CLKOUT6 Register 1
DADDR_13: 00c0	-CLKOUT6 Register 2

	WARNING: Min duty cycle violation 0.500 < 1.0
	         Changing dutycycle to 1.0


	WARNING: Max duty cycle is 1.0 > 0.0
	         Changing dutycycle to 0.0

DADDR_12: 1041	-CLKOUT6 Register 1
DADDR_13: 00c0	-CLKOUT6 Register 2
generate_target all [get_files  C:/Users/thb20/Desktop/Big_homework/touch_board/touch_board.srcs/sources_1/ip/clk_wiz_0/clk_wiz_0.xci]
INFO: [IP_Flow 19-1686] Generating 'Instantiation Template' target for IP 'clk_wiz_0'...
INFO: [IP_Flow 19-1686] Generating 'Synthesis' target for IP 'clk_wiz_0'...
INFO: [IP_Flow 19-1686] Generating 'Simulation' target for IP 'clk_wiz_0'...
INFO: [IP_Flow 19-1686] Generating 'Implementation' target for IP 'clk_wiz_0'...
INFO: [IP_Flow 19-1686] Generating 'Change Log' target for IP 'clk_wiz_0'...
export_ip_user_files -of_objects [get_files C:/Users/thb20/Desktop/Big_homework/touch_board/touch_board.srcs/sources_1/ip/clk_wiz_0/clk_wiz_0.xci] -no_script -force -quiet
reset_run clk_wiz_0_synth_1
launch_run -jobs 10 clk_wiz_0_synth_1
[Fri Jan 06 22:30:54 2023] Launched clk_wiz_0_synth_1...
Run output will be captured here: C:/Users/thb20/Desktop/Big_homework/touch_board/touch_board.runs/clk_wiz_0_synth_1/runme.log
export_simulation -of_objects [get_files C:/Users/thb20/Desktop/Big_homework/touch_board/touch_board.srcs/sources_1/ip/clk_wiz_0/clk_wiz_0.xci] -directory C:/Users/thb20/Desktop/Big_homework/touch_board/touch_board.ip_user_files/sim_scripts -ip_user_files_dir C:/Users/thb20/Desktop/Big_homework/touch_board/touch_board.ip_user_files -ipstatic_source_dir C:/Users/thb20/Desktop/Big_homework/touch_board/touch_board.ip_user_files/ipstatic -force -quiet
reset_run synth_1
launch_runs impl_1 -to_step write_bitstream -jobs 10
[Fri Jan 06 22:31:40 2023] Launched synth_1...
Run output will be captured here: C:/Users/thb20/Desktop/Big_homework/touch_board/touch_board.runs/synth_1/runme.log
[Fri Jan 06 22:31:40 2023] Launched impl_1...
Run output will be captured here: C:/Users/thb20/Desktop/Big_homework/touch_board/touch_board.runs/impl_1/runme.log
set_property PROBES.FILE {} [lindex [get_hw_devices] 0]
set_property PROGRAM.FILE {C:/Users/thb20/Desktop/Big_homework/touch_board/touch_board.runs/impl_1/LinearFitting.bit} [lindex [get_hw_devices] 0]
program_hw_devices [lindex [get_hw_devices] 0]
INFO: [Labtools 27-3164] End of startup status: HIGH
refresh_hw_device [lindex [get_hw_devices] 0]
INFO: [Labtools 27-1434] Device xc7a100t (JTAG device index = 0) is programmed with a design that has no supported debug core(s) in it.
WARNING: [Labtools 27-3123] The debug hub core was not detected at User Scan Chain 1 or 3.
Resolution: 
1. Make sure the clock connected to the debug hub (dbg_hub) core is a free running clock and is active OR
2. Manually launch hw_server with -e "set xsdb-user-bscan <C_USER_SCAN_CHAIN scan_chain_number>" to detect the debug hub at User Scan Chain of 2 or 4. To determine the user scan chain setting, open the implemented design and use: get_property C_USER_SCAN_CHAIN [get_debug_cores dbg_hub].
DADDR_09: 5c00	-CLKOUT0 Register 1
DADDR_08: 14d3	-CLKOUT0 Register 2
DADDR_07: 1400	-CLKOUT0 Register Shared with CLKOUT5
DADDR_09: 5c00	-CLKOUT0 Register 1
DADDR_08: 14d3	-CLKOUT0 Register 2
DADDR_07: 1400	-CLKOUT0 Register Shared with CLKOUT5
DADDR_0A: 14d4	-CLKOUT1 Register 1
DADDR_0B: 0080	-CLKOUT1 Register 2
DADDR_0A: 14d4	-CLKOUT1 Register 1
DADDR_0B: 0080	-CLKOUT1 Register 2

	WARNING: Min duty cycle violation 0.500 < 1.0
	         Changing dutycycle to 1.0


	WARNING: Max duty cycle is 1.0 > 0.0
	         Changing dutycycle to 0.0

DADDR_0C: 1041	-CLKOUT2 Register 1
DADDR_0D: 00c0	-CLKOUT2 Register 2

	WARNING: Min duty cycle violation 0.500 < 1.0
	         Changing dutycycle to 1.0


	WARNING: Max duty cycle is 1.0 > 0.0
	         Changing dutycycle to 0.0

DADDR_0C: 1041	-CLKOUT2 Register 1
DADDR_0D: 00c0	-CLKOUT2 Register 2

	WARNING: Min duty cycle violation 0.500 < 1.0
	         Changing dutycycle to 1.0


	WARNING: Max duty cycle is 1.0 > 0.0
	         Changing dutycycle to 0.0

DADDR_0E: 1041	-CLKOUT3 Register 1
DADDR_0F: 00c0	-CLKOUT3 Register 2

	WARNING: Min duty cycle violation 0.500 < 1.0
	         Changing dutycycle to 1.0


	WARNING: Max duty cycle is 1.0 > 0.0
	         Changing dutycycle to 0.0

DADDR_0E: 1041	-CLKOUT3 Register 1
DADDR_0F: 00c0	-CLKOUT3 Register 2

	WARNING: Min duty cycle violation 0.500 < 1.0
	         Changing dutycycle to 1.0


	WARNING: Max duty cycle is 1.0 > 0.0
	         Changing dutycycle to 0.0

DADDR_10: 1041	-CLKOUT4 Register 1
DADDR_11: 00c0	-CLKOUT4 Register 2

	WARNING: Min duty cycle violation 0.500 < 1.0
	         Changing dutycycle to 1.0


	WARNING: Max duty cycle is 1.0 > 0.0
	         Changing dutycycle to 0.0

DADDR_10: 1041	-CLKOUT4 Register 1
DADDR_11: 00c0	-CLKOUT4 Register 2

	WARNING: Min duty cycle violation 0.500 < 1.0
	         Changing dutycycle to 1.0


	WARNING: Max duty cycle is 1.0 > 0.0
	         Changing dutycycle to 0.0

DADDR_06: 1041	-CLKOUT5 Register 1
DADDR_07: 00c0	-CLKOUT5 Register 2

	WARNING: Min duty cycle violation 0.500 < 1.0
	         Changing dutycycle to 1.0


	WARNING: Max duty cycle is 1.0 > 0.0
	         Changing dutycycle to 0.0

DADDR_06: 1041	-CLKOUT5 Register 1
DADDR_07: 00c0	-CLKOUT5 Register 2
DADDR_09: 5c00	-CLKOUT0 Register 1
DADDR_08: 14d3	-CLKOUT0 Register 2
DADDR_07: 1400	-CLKOUT0 Register Shared with CLKOUT5

	WARNING: Min duty cycle violation 0.500 < 1.0
	         Changing dutycycle to 1.0


	WARNING: Max duty cycle is 1.0 > 0.0
	         Changing dutycycle to 0.0

DADDR_12: 1041	-CLKOUT6 Register 1
DADDR_13: 00c0	-CLKOUT6 Register 2

	WARNING: Min duty cycle violation 0.500 < 1.0
	         Changing dutycycle to 1.0


	WARNING: Max duty cycle is 1.0 > 0.0
	         Changing dutycycle to 0.0

DADDR_12: 1041	-CLKOUT6 Register 1
DADDR_13: 00c0	-CLKOUT6 Register 2
set_property -dict [list CONFIG.CLKOUT1_REQUESTED_OUT_FREQ {24.000} CONFIG.MMCM_DIVCLK_DIVIDE {1} CONFIG.MMCM_CLKOUT0_DIVIDE_F {40.625} CONFIG.CLKOUT1_JITTER {175.595}] [get_ips clk_wiz_0]
DADDR_09: 5c00	-CLKOUT0 Register 1
DADDR_08: 14d3	-CLKOUT0 Register 2
DADDR_07: 1400	-CLKOUT0 Register Shared with CLKOUT5
DADDR_09: 5c00	-CLKOUT0 Register 1
DADDR_08: 14d3	-CLKOUT0 Register 2
DADDR_07: 1400	-CLKOUT0 Register Shared with CLKOUT5
DADDR_0A: 14d4	-CLKOUT1 Register 1
DADDR_0B: 0080	-CLKOUT1 Register 2
DADDR_0A: 14d4	-CLKOUT1 Register 1
DADDR_0B: 0080	-CLKOUT1 Register 2

	WARNING: Min duty cycle violation 0.500 < 1.0
	         Changing dutycycle to 1.0


	WARNING: Max duty cycle is 1.0 > 0.0
	         Changing dutycycle to 0.0

DADDR_0C: 1041	-CLKOUT2 Register 1
DADDR_0D: 00c0	-CLKOUT2 Register 2

	WARNING: Min duty cycle violation 0.500 < 1.0
	         Changing dutycycle to 1.0


	WARNING: Max duty cycle is 1.0 > 0.0
	         Changing dutycycle to 0.0

DADDR_0C: 1041	-CLKOUT2 Register 1
DADDR_0D: 00c0	-CLKOUT2 Register 2

	WARNING: Min duty cycle violation 0.500 < 1.0
	         Changing dutycycle to 1.0


	WARNING: Max duty cycle is 1.0 > 0.0
	         Changing dutycycle to 0.0

DADDR_0E: 1041	-CLKOUT3 Register 1
DADDR_0F: 00c0	-CLKOUT3 Register 2

	WARNING: Min duty cycle violation 0.500 < 1.0
	         Changing dutycycle to 1.0


	WARNING: Max duty cycle is 1.0 > 0.0
	         Changing dutycycle to 0.0

DADDR_0E: 1041	-CLKOUT3 Register 1
DADDR_0F: 00c0	-CLKOUT3 Register 2

	WARNING: Min duty cycle violation 0.500 < 1.0
	         Changing dutycycle to 1.0


	WARNING: Max duty cycle is 1.0 > 0.0
	         Changing dutycycle to 0.0

DADDR_10: 1041	-CLKOUT4 Register 1
DADDR_11: 00c0	-CLKOUT4 Register 2

	WARNING: Min duty cycle violation 0.500 < 1.0
	         Changing dutycycle to 1.0


	WARNING: Max duty cycle is 1.0 > 0.0
	         Changing dutycycle to 0.0

DADDR_10: 1041	-CLKOUT4 Register 1
DADDR_11: 00c0	-CLKOUT4 Register 2

	WARNING: Min duty cycle violation 0.500 < 1.0
	         Changing dutycycle to 1.0


	WARNING: Max duty cycle is 1.0 > 0.0
	         Changing dutycycle to 0.0

DADDR_06: 1041	-CLKOUT5 Register 1
DADDR_07: 00c0	-CLKOUT5 Register 2

	WARNING: Min duty cycle violation 0.500 < 1.0
	         Changing dutycycle to 1.0


	WARNING: Max duty cycle is 1.0 > 0.0
	         Changing dutycycle to 0.0

DADDR_06: 1041	-CLKOUT5 Register 1
DADDR_07: 00c0	-CLKOUT5 Register 2
DADDR_09: 5c00	-CLKOUT0 Register 1
DADDR_08: 14d3	-CLKOUT0 Register 2
DADDR_07: 1400	-CLKOUT0 Register Shared with CLKOUT5

	WARNING: Min duty cycle violation 0.500 < 1.0
	         Changing dutycycle to 1.0


	WARNING: Max duty cycle is 1.0 > 0.0
	         Changing dutycycle to 0.0

DADDR_12: 1041	-CLKOUT6 Register 1
DADDR_13: 00c0	-CLKOUT6 Register 2

	WARNING: Min duty cycle violation 0.500 < 1.0
	         Changing dutycycle to 1.0


	WARNING: Max duty cycle is 1.0 > 0.0
	         Changing dutycycle to 0.0

DADDR_12: 1041	-CLKOUT6 Register 1
DADDR_13: 00c0	-CLKOUT6 Register 2
generate_target all [get_files  C:/Users/thb20/Desktop/Big_homework/touch_board/touch_board.srcs/sources_1/ip/clk_wiz_0/clk_wiz_0.xci]
INFO: [IP_Flow 19-1686] Generating 'Instantiation Template' target for IP 'clk_wiz_0'...
INFO: [IP_Flow 19-1686] Generating 'Synthesis' target for IP 'clk_wiz_0'...
INFO: [IP_Flow 19-1686] Generating 'Simulation' target for IP 'clk_wiz_0'...
INFO: [IP_Flow 19-1686] Generating 'Implementation' target for IP 'clk_wiz_0'...
INFO: [IP_Flow 19-1686] Generating 'Change Log' target for IP 'clk_wiz_0'...
export_ip_user_files -of_objects [get_files C:/Users/thb20/Desktop/Big_homework/touch_board/touch_board.srcs/sources_1/ip/clk_wiz_0/clk_wiz_0.xci] -no_script -force -quiet
reset_run clk_wiz_0_synth_1
launch_run -jobs 10 clk_wiz_0_synth_1
[Fri Jan 06 22:34:32 2023] Launched clk_wiz_0_synth_1...
Run output will be captured here: C:/Users/thb20/Desktop/Big_homework/touch_board/touch_board.runs/clk_wiz_0_synth_1/runme.log
export_simulation -of_objects [get_files C:/Users/thb20/Desktop/Big_homework/touch_board/touch_board.srcs/sources_1/ip/clk_wiz_0/clk_wiz_0.xci] -directory C:/Users/thb20/Desktop/Big_homework/touch_board/touch_board.ip_user_files/sim_scripts -ip_user_files_dir C:/Users/thb20/Desktop/Big_homework/touch_board/touch_board.ip_user_files -ipstatic_source_dir C:/Users/thb20/Desktop/Big_homework/touch_board/touch_board.ip_user_files/ipstatic -force -quiet
reset_run synth_1
launch_runs impl_1 -to_step write_bitstream -jobs 10
[Fri Jan 06 22:34:36 2023] Launched clk_wiz_0_synth_1, synth_1...
Run output will be captured here:
clk_wiz_0_synth_1: C:/Users/thb20/Desktop/Big_homework/touch_board/touch_board.runs/clk_wiz_0_synth_1/runme.log
synth_1: C:/Users/thb20/Desktop/Big_homework/touch_board/touch_board.runs/synth_1/runme.log
[Fri Jan 06 22:34:36 2023] Launched impl_1...
Run output will be captured here: C:/Users/thb20/Desktop/Big_homework/touch_board/touch_board.runs/impl_1/runme.log
set_property PROBES.FILE {} [lindex [get_hw_devices] 0]
set_property PROGRAM.FILE {C:/Users/thb20/Desktop/Big_homework/touch_board/touch_board.runs/impl_1/LinearFitting.bit} [lindex [get_hw_devices] 0]
program_hw_devices [lindex [get_hw_devices] 0]
INFO: [Labtools 27-3164] End of startup status: HIGH
refresh_hw_device [lindex [get_hw_devices] 0]
INFO: [Labtools 27-1434] Device xc7a100t (JTAG device index = 0) is programmed with a design that has no supported debug core(s) in it.
WARNING: [Labtools 27-3123] The debug hub core was not detected at User Scan Chain 1 or 3.
Resolution: 
1. Make sure the clock connected to the debug hub (dbg_hub) core is a free running clock and is active OR
2. Manually launch hw_server with -e "set xsdb-user-bscan <C_USER_SCAN_CHAIN scan_chain_number>" to detect the debug hub at User Scan Chain of 2 or 4. To determine the user scan chain setting, open the implemented design and use: get_property C_USER_SCAN_CHAIN [get_debug_cores dbg_hub].
set_property PROBES.FILE {} [lindex [get_hw_devices] 0]
set_property PROGRAM.FILE {C:/Users/thb20/Desktop/Big_homework/touch_board/touch_board.runs/impl_1/LinearFitting.bit} [lindex [get_hw_devices] 0]
program_hw_devices [lindex [get_hw_devices] 0]
INFO: [Labtools 27-3164] End of startup status: HIGH
refresh_hw_device [lindex [get_hw_devices] 0]
INFO: [Labtools 27-1434] Device xc7a100t (JTAG device index = 0) is programmed with a design that has no supported debug core(s) in it.
WARNING: [Labtools 27-3123] The debug hub core was not detected at User Scan Chain 1 or 3.
Resolution: 
1. Make sure the clock connected to the debug hub (dbg_hub) core is a free running clock and is active OR
2. Manually launch hw_server with -e "set xsdb-user-bscan <C_USER_SCAN_CHAIN scan_chain_number>" to detect the debug hub at User Scan Chain of 2 or 4. To determine the user scan chain setting, open the implemented design and use: get_property C_USER_SCAN_CHAIN [get_debug_cores dbg_hub].
