#-----------------------------------------------------------
# Vivado v2016.2 (64-bit)
# SW Build 1577090 on Thu Jun  2 16:32:40 MDT 2016
# IP Build 1577682 on Fri Jun  3 12:00:54 MDT 2016
# Start of session at: Fri Jan 06 17:06:37 2023
# Process ID: 6988
# Current directory: C:/Users/thb20/Desktop/Big_homework/touch_board
# Command line: vivado.exe -gui_launcher_event rodinguilauncherevent26300 C:\Users\thb20\Desktop\Big_homework\touch_board\touch_board.xpr
# Log file: C:/Users/thb20/Desktop/Big_homework/touch_board/vivado.log
# Journal file: C:/Users/thb20/Desktop/Big_homework/touch_board\vivado.jou
#-----------------------------------------------------------
start_gui
open_project C:/Users/thb20/Desktop/Big_homework/touch_board/touch_board.xpr
Scanning sources...
Finished scanning sources
INFO: [IP_Flow 19-234] Refreshing IP repositories
INFO: [IP_Flow 19-1704] No user IP repositories specified
INFO: [IP_Flow 19-2313] Loaded Vivado IP repository 'D:/Xilinx/Vivado/2016.2/data/ip'.
update_compile_order -fileset sources_1
update_compile_order -fileset sources_1
update_compile_order -fileset sim_1
update_compile_order -fileset sources_1
update_compile_order -fileset sources_1
update_compile_order -fileset sim_1
update_compile_order -fileset sources_1
update_compile_order -fileset sources_1
update_compile_order -fileset sim_1
remove_files C:/Users/thb20/Desktop/Big_homework/touch_board/touch_board.srcs/sources_1/new/camera_get_pic.v
close [ open C:/Users/thb20/Desktop/Big_homework/touch_board/touch_board.srcs/sources_1/new/CameraGetData.v w ]
add_files C:/Users/thb20/Desktop/Big_homework/touch_board/touch_board.srcs/sources_1/new/CameraGetData.v
update_compile_order -fileset sources_1
update_compile_order -fileset sources_1
update_compile_order -fileset sources_1
reset_run synth_1
launch_runs impl_1 -to_step write_bitstream
[Fri Jan 06 17:09:43 2023] Launched synth_1...
Run output will be captured here: C:/Users/thb20/Desktop/Big_homework/touch_board/touch_board.runs/synth_1/runme.log
[Fri Jan 06 17:09:43 2023] Launched impl_1...
Run output will be captured here: C:/Users/thb20/Desktop/Big_homework/touch_board/touch_board.runs/impl_1/runme.log
reset_run synth_1
launch_runs impl_1 -to_step write_bitstream
[Fri Jan 06 17:11:31 2023] Launched synth_1...
Run output will be captured here: C:/Users/thb20/Desktop/Big_homework/touch_board/touch_board.runs/synth_1/runme.log
[Fri Jan 06 17:11:31 2023] Launched impl_1...
Run output will be captured here: C:/Users/thb20/Desktop/Big_homework/touch_board/touch_board.runs/impl_1/runme.log
reset_run synth_1
launch_runs impl_1 -to_step write_bitstream
[Fri Jan 06 17:11:57 2023] Launched synth_1...
Run output will be captured here: C:/Users/thb20/Desktop/Big_homework/touch_board/touch_board.runs/synth_1/runme.log
[Fri Jan 06 17:11:57 2023] Launched impl_1...
Run output will be captured here: C:/Users/thb20/Desktop/Big_homework/touch_board/touch_board.runs/impl_1/runme.log
exit
INFO: [Common 17-206] Exiting Vivado at Fri Jan 06 17:12:20 2023...
