#-----------------------------------------------------------
# Vivado v2016.2 (64-bit)
# SW Build 1577090 on Thu Jun  2 16:32:40 MDT 2016
# IP Build 1577682 on Fri Jun  3 12:00:54 MDT 2016
# Start of session at: Fri Jan 06 20:56:03 2023
# Process ID: 28988
# Current directory: C:/Users/thb20/Desktop/Big_homework/touch_board
# Command line: vivado.exe -gui_launcher_event rodinguilauncherevent24296 C:\Users\thb20\Desktop\Big_homework\touch_board\touch_board.xpr
# Log file: C:/Users/thb20/Desktop/Big_homework/touch_board/vivado.log
# Journal file: C:/Users/thb20/Desktop/Big_homework/touch_board\vivado.jou
#-----------------------------------------------------------
start_gui
open_project C:/Users/thb20/Desktop/Big_homework/touch_board/touch_board.xpr
Scanning sources...
Finished scanning sources
INFO: [IP_Flow 19-234] Refreshing IP repositories
INFO: [IP_Flow 19-1704] No user IP repositories specified
INFO: [IP_Flow 19-2313] Loaded Vivado IP repository 'D:/Xilinx/Vivado/2016.2/data/ip'.
update_compile_order -fileset sources_1
add_files -norecurse C:/Users/thb20/Desktop/Big_homework/touch_board/touch_board.srcs/sources_1/new/CameraGetData.v
WARNING: [filemgmt 56-12] File 'C:/Users/thb20/Desktop/Big_homework/touch_board/touch_board.srcs/sources_1/new/CameraGetData.v' cannot be added to the project because it already exists in the project, skipping this file
add_files -norecurse -scan_for_includes C:/Users/thb20/Desktop/Big_homework/touch_board/touch_board.srcs/sources_1/new/CameraGetData.v
WARNING: [filemgmt 56-12] File 'C:/Users/thb20/Desktop/Big_homework/touch_board/touch_board.srcs/sources_1/new/CameraGetData.v' cannot be added to the project because it already exists in the project, skipping this file
import_files -norecurse C:/Users/thb20/Desktop/Big_homework/touch_board/touch_board.srcs/sources_1/new/CameraGetData.v
update_compile_order -fileset sources_1
update_compile_order -fileset sources_1
close [ open C:/Users/thb20/Desktop/Big_homework/touch_board/touch_board.srcs/sources_1/new/VGA.v w ]
add_files C:/Users/thb20/Desktop/Big_homework/touch_board/touch_board.srcs/sources_1/new/VGA.v
update_compile_order -fileset sources_1
update_compile_order -fileset sources_1
update_compile_order -fileset sources_1
remove_files C:/Users/thb20/Desktop/Big_homework/touch_board/touch_board.srcs/sources_1/new/vga_display.v
close [ open C:/Users/thb20/Desktop/Big_homework/touch_board/touch_board.srcs/sources_1/new/VGAPosControl.v w ]
add_files C:/Users/thb20/Desktop/Big_homework/touch_board/touch_board.srcs/sources_1/new/VGAPosControl.v
update_compile_order -fileset sources_1
update_compile_order -fileset sources_1
update_compile_order -fileset sources_1
update_compile_order -fileset sources_1
remove_files C:/Users/thb20/Desktop/Big_homework/touch_board/touch_board.srcs/sources_1/new/vga_control.v
reset_run synth_1
launch_runs impl_1 -to_step write_bitstream
[Fri Jan 06 21:08:01 2023] Launched synth_1...
Run output will be captured here: C:/Users/thb20/Desktop/Big_homework/touch_board/touch_board.runs/synth_1/runme.log
[Fri Jan 06 21:08:01 2023] Launched impl_1...
Run output will be captured here: C:/Users/thb20/Desktop/Big_homework/touch_board/touch_board.runs/impl_1/runme.log
open_hw
connect_hw_server
INFO: [Labtools 27-2285] Connecting to hw_server url TCP:localhost:3121
INFO: [Labtools 27-2222] Launching hw_server...
INFO: [Labtools 27-2221] Launch Output:

****** Xilinx hw_server v2016.2
  **** Build date : Jun  2 2016-16:57:03
    ** Copyright 1986-2016 Xilinx, Inc. All Rights Reserved.


open_hw_target
INFO: [Labtoolstcl 44-466] Opening hw_target localhost:3121/xilinx_tcf/Digilent/210292710260A
set_property PROGRAM.FILE {C:/Users/thb20/Desktop/Big_homework/touch_board/touch_board.runs/impl_1/LinearFitting.bit} [lindex [get_hw_devices] 0]
current_hw_device [lindex [get_hw_devices] 0]
refresh_hw_device -update_hw_probes false [lindex [get_hw_devices] 0]
INFO: [Labtools 27-1434] Device xc7a100t (JTAG device index = 0) is programmed with a design that has no supported debug core(s) in it.
WARNING: [Labtools 27-3123] The debug hub core was not detected at User Scan Chain 1 or 3.
Resolution: 
1. Make sure the clock connected to the debug hub (dbg_hub) core is a free running clock and is active OR
2. Manually launch hw_server with -e "set xsdb-user-bscan <C_USER_SCAN_CHAIN scan_chain_number>" to detect the debug hub at User Scan Chain of 2 or 4. To determine the user scan chain setting, open the implemented design and use: get_property C_USER_SCAN_CHAIN [get_debug_cores dbg_hub].
set_property PROBES.FILE {} [lindex [get_hw_devices] 0]
set_property PROGRAM.FILE {C:/Users/thb20/Desktop/Big_homework/touch_board/touch_board.runs/impl_1/LinearFitting.bit} [lindex [get_hw_devices] 0]
program_hw_devices [lindex [get_hw_devices] 0]
INFO: [Labtools 27-3164] End of startup status: HIGH
refresh_hw_device [lindex [get_hw_devices] 0]
INFO: [Labtools 27-1434] Device xc7a100t (JTAG device index = 0) is programmed with a design that has no supported debug core(s) in it.
WARNING: [Labtools 27-3123] The debug hub core was not detected at User Scan Chain 1 or 3.
Resolution: 
1. Make sure the clock connected to the debug hub (dbg_hub) core is a free running clock and is active OR
2. Manually launch hw_server with -e "set xsdb-user-bscan <C_USER_SCAN_CHAIN scan_chain_number>" to detect the debug hub at User Scan Chain of 2 or 4. To determine the user scan chain setting, open the implemented design and use: get_property C_USER_SCAN_CHAIN [get_debug_cores dbg_hub].
remove_files C:/Users/thb20/Desktop/Big_homework/touch_board/touch_board.srcs/sources_1/new/binarization.v
close [ open C:/Users/thb20/Desktop/Big_homework/touch_board/touch_board.srcs/sources_1/new/Binarization.v w ]
add_files C:/Users/thb20/Desktop/Big_homework/touch_board/touch_board.srcs/sources_1/new/Binarization.v
update_compile_order -fileset sources_1
update_compile_order -fileset sources_1
update_compile_order -fileset sources_1
update_compile_order -fileset sources_1
close [ open C:/Users/thb20/Desktop/Big_homework/touch_board/touch_board.srcs/sources_1/new/CameraAttrSet.v w ]
add_files C:/Users/thb20/Desktop/Big_homework/touch_board/touch_board.srcs/sources_1/new/CameraAttrSet.v
update_compile_order -fileset sources_1
update_compile_order -fileset sources_1
update_compile_order -fileset sources_1
update_compile_order -fileset sources_1
remove_files C:/Users/thb20/Desktop/Big_homework/touch_board/touch_board.srcs/sources_1/new/camera_init.v
close [ open C:/Users/thb20/Desktop/Big_homework/touch_board/touch_board.srcs/sources_1/new/RegInit.v w ]
add_files C:/Users/thb20/Desktop/Big_homework/touch_board/touch_board.srcs/sources_1/new/RegInit.v
update_compile_order -fileset sources_1
update_compile_order -fileset sources_1
ERROR: [Common 17-180] Spawn failed: No error
update_compile_order -fileset sources_1
update_compile_order -fileset sources_1
remove_files C:/Users/thb20/Desktop/Big_homework/touch_board/touch_board.srcs/sources_1/new/reg_init.v
update_compile_order -fileset sources_1
update_compile_order -fileset sources_1
close [ open C:/Users/thb20/Desktop/Big_homework/touch_board/touch_board.srcs/sources_1/new/Sccb.v w ]
add_files C:/Users/thb20/Desktop/Big_homework/touch_board/touch_board.srcs/sources_1/new/Sccb.v
update_compile_order -fileset sources_1
remove_files C:/Users/thb20/Desktop/Big_homework/touch_board/touch_board.srcs/sources_1/new/sccb_sender.v
reset_run synth_1
launch_runs impl_1 -to_step write_bitstream
[Fri Jan 06 21:25:14 2023] Launched synth_1...
Run output will be captured here: C:/Users/thb20/Desktop/Big_homework/touch_board/touch_board.runs/synth_1/runme.log
[Fri Jan 06 21:25:14 2023] Launched impl_1...
Run output will be captured here: C:/Users/thb20/Desktop/Big_homework/touch_board/touch_board.runs/impl_1/runme.log
ERROR: [Vivado 12-106] *** Exception: java.lang.ArrayIndexOutOfBoundsException: -1 (See C:/Users/thb20/Desktop/Big_homework/touch_board/vivado_pid28988.debug)
reset_run impl_1
reset_run synth_1
exit
INFO: [Common 17-206] Exiting Vivado at Fri Jan 06 21:25:26 2023...
